<?xml version="1.0" encoding="UTF-8"?>
<!-- Generated by org.testng.reporters.JUnitXMLReporter -->
<testsuite ignored="8" hostname="Desktop-Wintest" failures="3" tests="3" name="UEM Automation Tests(failed)" time="49.376" errors="0" timestamp="2024-12-02T11:01:59 IST">
  <testcase classname="com.uem_automation.qa.testcases.LoginTest" name="TC_LP_006_Validate_forgot_password_link_functionality" time="0.355">
    <failure type="java.lang.AssertionError" message="[Error: actualLabelText does not match with expectedLabelText] expected [Recovery Password] but found []">
      <![CDATA[java.lang.AssertionError: [Error: actualLabelText does not match with expectedLabelText] expected [Recovery Password] but found []
at com.uem_automation.qa.testcases.LoginTest.TC_LP_006_Validate_forgot_password_link_functionality(LoginTest.java:124)
at java.base/java.util.ArrayList.forEach(ArrayList.java:1596)
... Removed 30 stack frames]]>
    </failure>
  </testcase> <!-- TC_LP_006_Validate_forgot_password_link_functionality -->
  <testcase classname="com.uem_automation.qa.testcases.LoginTest" name="TC_LP_009_Validate_logging_into_the_application_and_browsing_back_using_browser_back_button" time="21.279">
    <failure type="java.lang.NullPointerException" message="Cannot invoke &amp;quot;org.openqa.selenium.WebDriver.getClass()&amp;quot; because &amp;quot;exceptionDriver&amp;quot; is null">
      <![CDATA[java.lang.NullPointerException: Cannot invoke "org.openqa.selenium.WebDriver.getClass()" because "exceptionDriver" is null
at org.openqa.selenium.support.ui.WebDriverWait.timeoutException(WebDriverWait.java:85)
at org.openqa.selenium.support.ui.FluentWait.until(FluentWait.java:228)
at com.uem_automation.qa.pages.DeviceManagerPage.waitTillFooterCompanyWebsiteURLIsDisplayed(DeviceManagerPage.java:169)
at com.uem_automation.qa.pages.DeviceManagerPage.isLogoDisplayed(DeviceManagerPage.java:124)
at com.uem_automation.qa.testcases.LoginTest.TC_LP_009_Validate_logging_into_the_application_and_browsing_back_using_browser_back_button(LoginTest.java:159)
at java.base/java.util.ArrayList.forEach(ArrayList.java:1596)
... Removed 25 stack frames]]>
    </failure>
  </testcase> <!-- TC_LP_009_Validate_logging_into_the_application_and_browsing_back_using_browser_back_button -->
  <testcase classname="com.uem_automation.qa.testcases.TaskManagerTest" name="TC_TM_001_Validate_users_are_able_to_create_template_with_selected_task_schedule_type_sequential_or_asynchronous" time="3.217">
    <failure type="org.openqa.selenium.ElementClickInterceptedException" message="Element &amp;lt;a id=&amp;quot;kt_aside_toggle&amp;quot; class=&amp;quot;brand-toggle btn btn-sm px-0&amp;quot; href=&amp;quot;javascript:void(0);&amp;quot;&amp;gt; is not clickable at point (1898,58) because another element &amp;lt;div class=&amp;quot;AjaxLoaderOuter loaderDivInitial&amp;quot;&amp;gt; obscures it
Build info: version: &amp;apos;4.26.0&amp;apos;, revision: &amp;apos;8ccf0219d7&amp;apos;
System info: os.name: &amp;apos;Windows 11&amp;apos;, os.arch: &amp;apos;amd64&amp;apos;, os.version: &amp;apos;10.0&amp;apos;, java.version: &amp;apos;21.0.5&amp;apos;
Driver info: org.openqa.selenium.firefox.FirefoxDriver
Command: [015b6d9f-a617-4a05-87b9-413c8e22d410, clickElement {id=ce680f54-22eb-44aa-9ec9-b6bc21e89401}]
Capabilities {acceptInsecureCerts: true, browserName: firefox, browserVersion: 132.0.2, moz:accessibilityChecks: false, moz:buildID: 20241110231641, moz:debuggerAddress: 127.0.0.1:2714, moz:geckodriverVersion: 0.35.0, moz:headless: false, moz:platformVersion: 10.0, moz:processID: 11848, moz:profile: C:\Users\Prajwal\AppData\Lo..., moz:shutdownTimeout: 60000, moz:webdriverClick: true, moz:windowless: false, pageLoadStrategy: normal, platformName: windows, proxy: Proxy(), se:cdp: ws://127.0.0.1:2714/devtool..., se:cdpVersion: 85.0, setWindowRect: true, strictFileInteractability: false, timeouts: {implicit: 0, pageLoad: 300000, script: 30000}, unhandledPromptBehavior: dismiss and notify, userAgent: Mozilla/5.0 (Windows NT 10....}
Element: [[FirefoxDriver: firefox on windows (015b6d9f-a617-4a05-87b9-413c8e22d410)] -&amp;gt; xpath: //a[@id=&amp;apos;kt_aside_toggle&amp;apos;]]
Session ID: 015b6d9f-a617-4a05-87b9-413c8e22d410">
      <![CDATA[org.openqa.selenium.ElementClickInterceptedException: Element <a id="kt_aside_toggle" class="brand-toggle btn btn-sm px-0" href="javascript:void(0);"> is not clickable at point (1898,58) because another element <div class="AjaxLoaderOuter loaderDivInitial"> obscures it
Build info: version: '4.26.0', revision: '8ccf0219d7'
System info: os.name: 'Windows 11', os.arch: 'amd64', os.version: '10.0', java.version: '21.0.5'
Driver info: org.openqa.selenium.firefox.FirefoxDriver
Command: [015b6d9f-a617-4a05-87b9-413c8e22d410, clickElement {id=ce680f54-22eb-44aa-9ec9-b6bc21e89401}]
Capabilities {acceptInsecureCerts: true, browserName: firefox, browserVersion: 132.0.2, moz:accessibilityChecks: false, moz:buildID: 20241110231641, moz:debuggerAddress: 127.0.0.1:2714, moz:geckodriverVersion: 0.35.0, moz:headless: false, moz:platformVersion: 10.0, moz:processID: 11848, moz:profile: C:\Users\Prajwal\AppData\Lo..., moz:shutdownTimeout: 60000, moz:webdriverClick: true, moz:windowless: false, pageLoadStrategy: normal, platformName: windows, proxy: Proxy(), se:cdp: ws://127.0.0.1:2714/devtool..., se:cdpVersion: 85.0, setWindowRect: true, strictFileInteractability: false, timeouts: {implicit: 0, pageLoad: 300000, script: 30000}, unhandledPromptBehavior: dismiss and notify, userAgent: Mozilla/5.0 (Windows NT 10....}
Element: [[FirefoxDriver: firefox on windows (015b6d9f-a617-4a05-87b9-413c8e22d410)] -> xpath: //a[@id='kt_aside_toggle']]
Session ID: 015b6d9f-a617-4a05-87b9-413c8e22d410
at org.openqa.selenium.remote.ErrorCodec.decode(ErrorCodec.java:167)
at org.openqa.selenium.remote.codec.w3c.W3CHttpResponseCodec.decode(W3CHttpResponseCodec.java:138)
at org.openqa.selenium.remote.codec.w3c.W3CHttpResponseCodec.decode(W3CHttpResponseCodec.java:50)
at org.openqa.selenium.remote.HttpCommandExecutor.execute(HttpCommandExecutor.java:190)
at org.openqa.selenium.remote.service.DriverCommandExecutor.invokeExecute(DriverCommandExecutor.java:216)
at org.openqa.selenium.remote.service.DriverCommandExecutor.execute(DriverCommandExecutor.java:174)
at org.openqa.selenium.remote.RemoteWebDriver.execute(RemoteWebDriver.java:545)
at org.openqa.selenium.remote.RemoteWebElement.execute(RemoteWebElement.java:223)
at org.openqa.selenium.remote.RemoteWebElement.click(RemoteWebElement.java:76)
at org.openqa.selenium.support.pagefactory.internal.LocatingElementHandler.invoke(LocatingElementHandler.java:51)
at jdk.proxy2/jdk.proxy2.$Proxy15.click(Unknown Source)
at com.uem_automation.qa.pages.TaskManagerPage.createTemplateWithSelectedTaskScheduleType(TaskManagerPage.java:63)
at com.uem_automation.qa.testcases.TaskManagerTest.TC_TM_001_Validate_users_are_able_to_create_template_with_selected_task_schedule_type_sequential_or_asynchronous(TaskManagerTest.java:49)
at java.base/java.util.ArrayList.forEach(ArrayList.java:1596)
... Removed 30 stack frames]]>
    </failure>
  </testcase> <!-- TC_TM_001_Validate_users_are_able_to_create_template_with_selected_task_schedule_type_sequential_or_asynchronous -->
  <testcase classname="com.uem_automation.qa.testcases.LoginTest" name="TC_LP_007_Validate_logging_into_the_application_using_keyboard_keys" time="0.0">
    <ignored/>
  </testcase> <!-- TC_LP_007_Validate_logging_into_the_application_using_keyboard_keys -->
  <testcase classname="com.uem_automation.qa.testcases.LoginTest" name="TC_LP_008_Validate_email_and_pass_text_fields_in_login_page_have_placeholder_text" time="0.0">
    <ignored/>
  </testcase> <!-- TC_LP_008_Validate_email_and_pass_text_fields_in_login_page_have_placeholder_text -->
  <testcase classname="com.uem_automation.qa.testcases.LoginTest" name="TC_LP_003_Validate_login_with_invalid_email_and_valid_password" time="0.0">
    <ignored/>
  </testcase> <!-- TC_LP_003_Validate_login_with_invalid_email_and_valid_password -->
  <testcase classname="com.uem_automation.qa.testcases.LoginTest" name="TC_LP_004_Validate_login_with_valid_email_and_invalid_password" time="0.0">
    <ignored/>
  </testcase> <!-- TC_LP_004_Validate_login_with_valid_email_and_invalid_password -->
  <testcase classname="com.uem_automation.qa.testcases.LoginTest" name="TC_LP_005_Validate_login_without_providing_any_credentials" time="0.0">
    <ignored/>
  </testcase> <!-- TC_LP_005_Validate_login_without_providing_any_credentials -->
  <testcase classname="com.uem_automation.qa.testcases.LoginTest" name="TC_LP_002_Validate_login_with_invalid_credentials" time="0.0">
    <ignored/>
  </testcase> <!-- TC_LP_002_Validate_login_with_invalid_credentials -->
  <testcase classname="com.uem_automation.qa.testcases.LoginTest" name="TC_LP_010_Validate_logging_out_the_application_and_browsing_back_using_browser_back_button" time="0.0">
    <ignored/>
  </testcase> <!-- TC_LP_010_Validate_logging_out_the_application_and_browsing_back_using_browser_back_button -->
  <testcase classname="com.uem_automation.qa.testcases.LoginTest" name="TC_LP_001_Validate_login_with_valid_credentials" time="0.0">
    <ignored/>
  </testcase> <!-- TC_LP_001_Validate_login_with_valid_credentials -->
</testsuite> <!-- UEM Automation Tests(failed) -->
