

<!DOCTYPE html>
<html>
<head>
<meta charset="UTF-8">
<meta name="viewport" content="width=device-width, initial-scale=1, shrink-to-fit=no">
<title>UEM_AUTOMATION REPORT</title>
<link rel="apple-touch-icon" href="https://cdn.jsdelivr.net/gh/extent-framework/extent-github-cdn@b00a2d0486596e73dd7326beacf352c639623a0e/commons/img/logo.png">
<link rel="shortcut icon" href="https://cdn.jsdelivr.net/gh/extent-framework/extent-github-cdn@b00a2d0486596e73dd7326beacf352c639623a0e/commons/img/logo.png">
<link href="https://cdn.jsdelivr.net/gh/extent-framework/extent-github-cdn@ce8b10435bcbae260c334c0d0c6b61d2c19b6168/spark/css/spark-style.css" rel="stylesheet" />
<link href="https://stackpath.bootstrapcdn.com/font-awesome/4.7.0/css/font-awesome.min.css" rel="stylesheet">
<script src="https://cdn.jsdelivr.net/gh/extent-framework/extent-github-cdn@7cc78ce/spark/js/jsontree.js"></script>
<style type="text/css"></style></head><body class="spa -report dark">
  <div class="app">
    <div class="layout">
<div class="header navbar">
<div class="vheader">
<div class="nav-logo">
<a href="#">
<div class="logo" style="background-image: url('https://cdn.jsdelivr.net/gh/extent-framework/extent-github-cdn@b00a2d0486596e73dd7326beacf352c639623a0e/commons/img/logo.png')"></div>
</a>
</div>
<ul class="nav-left">
<li class="search-box">
<a class="search-toggle" href="#">
<i class="search-icon fa fa-search"></i>
<i class="search-icon-close fa fa-close"></i>
</a>
</li>
<li class="search-input"><input id="search-tests" class="form-control" type="text" placeholder="Search..."></li>
</ul>
<ul class="nav-right">
<li class="m-r-10">
<a href="#"><span class="badge badge-primary">UEM_AUTOMATION RESULTS REPORT</span></a>
</li>
<li class="m-r-10">
<a href="#"><span class="badge badge-primary">31/12/2024 01:15:28</span></a>
</li>
</ul>
</div>
</div><div class="side-nav">
<div class="side-nav-inner">
<ul class="side-nav-menu">
<li class="nav-item dropdown" onclick="toggleView('test-view')">
<a id="nav-test" class="dropdown-toggle" href="#">
<span class="ico"><i class="fa fa-list"></i></span>
</a>
</li>
<li class="nav-item dropdown" onclick="toggleView('dashboard-view')">
<a id="nav-dashboard" class="dropdown-toggle" href="#">
<span class="ico"><i class="fa fa-bar-chart"></i></span>
</a>
</li>
</ul>
</div>
</div>      <div class="vcontainer">
        <div class="main-content">
<div class="test-wrapper row view test-view">
  <div class="test-list">
    <div class="test-list-tools">
<ul class="tools pull-left">
<li><a href="#"><span class="font-size-14">Tests</span></a></li>
</ul>
<ul class="tools text-right">
<li class="dropdown">
<a href="#" class="dropdown-toggle" data-toggle="dropdown"><i class="fa fa-exclamation-circle"></i></a>
<ul id="status-toggle" class="dropdown-menu dropdown-md p-v-0">
<a class="dropdown-item" status="pass" href="#"><span>Pass</span><span class="status success"></span></a>
<a class="dropdown-item" status="fail" href="#"><span>Fail</span><span class="status danger"></span></a>
<a class="dropdown-item" status="skip" href="#"><span>Skip</span><span class="status warning"></span></a>
<div class="dropdown-divider"></div>
<a status="clear" class="dropdown-item" href="#"><span>Clear</span><span class="pull-right"><i class="fa fa-close"></i></span></a>
</ul>
</li>
</ul>
</div>    <div class="test-list-wrapper scrollable">
      <ul class="test-list-item">
        <li class="test-item"  status="pass" test-id="1"
          author=""
          tag=""
          device="">
          <div class="test-detail">
            <p class="name">TC_LP_001_Validate_login_with_valid_credentials</p>
            <p class="text-sm">
              <span>1:15:30 pm</span> / <span>00:00:08:548</span>
              <span class="badge pass-bg log float-right">Pass</span>
            </p>
          </div>
          <div class="test-contents d-none">
<div class="detail-head">
<div class="p-v-10">
<div class="info">
<h5 class="test-status text-pass">TC_LP_001_Validate_login_with_valid_credentials</h5>
<span class='badge badge-success'>12.31.2024 1:15:30 pm</span>
<span class='badge badge-danger'>12.31.2024 1:15:38 pm</span>
<span class='badge badge-default'>00:00:08:548</span>
&middot; <span class='uri-anchor badge badge-default'>#test-id=1</span>
<span title='Skip to the next failed step' class='badge badge-danger pointer float-right ne ml-1'><i class="fa fa-fast-forward"></i></span>
<span title='Collapse all nodes' class='badge badge-default pointer float-right ct ml-1'><i class="fa fa-compress"></i></span>
<span title='Expand all nodes' class='badge badge-default pointer float-right et'><i class="fa fa-expand"></i></span>
</div>
</div>
</div><div class="detail-body mt-4">
<table class="table table-sm">
  <thead><tr><th class="status-col">Status</th><th class="timestamp-col">Timestamp</th><th class="details-col">Details</th></tr></thead>
  <tbody>
      <tr class="event-row">
        <td><span class="badge log info-bg">Info</span></td>
        <td>1:15:30 pm</td>
        <td>
          TC_LP_001_Validate_login_with_valid_credentials Started Executing
        </td>
      </tr>
      <tr class="event-row">
        <td><span class="badge log pass-bg">Pass</span></td>
        <td>1:15:38 pm</td>
        <td>
          TC_LP_001_Validate_login_with_valid_credentials Got Passed ✅

        </td>
      </tr>
  </tbody>
</table>
</div>
          </div>
        </li>
        <li class="test-item"  status="pass" test-id="2"
          author=""
          tag=""
          device="">
          <div class="test-detail">
            <p class="name">TC_LP_002_Validate_login_with_invalid_credentials</p>
            <p class="text-sm">
              <span>1:15:40 pm</span> / <span>00:00:00:660</span>
              <span class="badge pass-bg log float-right">Pass</span>
            </p>
          </div>
          <div class="test-contents d-none">
<div class="detail-head">
<div class="p-v-10">
<div class="info">
<h5 class="test-status text-pass">TC_LP_002_Validate_login_with_invalid_credentials</h5>
<span class='badge badge-success'>12.31.2024 1:15:40 pm</span>
<span class='badge badge-danger'>12.31.2024 1:15:41 pm</span>
<span class='badge badge-default'>00:00:00:660</span>
&middot; <span class='uri-anchor badge badge-default'>#test-id=2</span>
<span title='Skip to the next failed step' class='badge badge-danger pointer float-right ne ml-1'><i class="fa fa-fast-forward"></i></span>
<span title='Collapse all nodes' class='badge badge-default pointer float-right ct ml-1'><i class="fa fa-compress"></i></span>
<span title='Expand all nodes' class='badge badge-default pointer float-right et'><i class="fa fa-expand"></i></span>
</div>
</div>
</div><div class="detail-body mt-4">
<table class="table table-sm">
  <thead><tr><th class="status-col">Status</th><th class="timestamp-col">Timestamp</th><th class="details-col">Details</th></tr></thead>
  <tbody>
      <tr class="event-row">
        <td><span class="badge log info-bg">Info</span></td>
        <td>1:15:40 pm</td>
        <td>
          TC_LP_002_Validate_login_with_invalid_credentials Started Executing
        </td>
      </tr>
      <tr class="event-row">
        <td><span class="badge log pass-bg">Pass</span></td>
        <td>1:15:41 pm</td>
        <td>
          TC_LP_002_Validate_login_with_invalid_credentials Got Passed ✅

        </td>
      </tr>
  </tbody>
</table>
</div>
          </div>
        </li>
        <li class="test-item"  status="pass" test-id="3"
          author=""
          tag=""
          device="">
          <div class="test-detail">
            <p class="name">TC_LP_003_Validate_login_with_invalid_email_and_valid_password</p>
            <p class="text-sm">
              <span>1:15:42 pm</span> / <span>00:00:00:666</span>
              <span class="badge pass-bg log float-right">Pass</span>
            </p>
          </div>
          <div class="test-contents d-none">
<div class="detail-head">
<div class="p-v-10">
<div class="info">
<h5 class="test-status text-pass">TC_LP_003_Validate_login_with_invalid_email_and_valid_password</h5>
<span class='badge badge-success'>12.31.2024 1:15:42 pm</span>
<span class='badge badge-danger'>12.31.2024 1:15:43 pm</span>
<span class='badge badge-default'>00:00:00:666</span>
&middot; <span class='uri-anchor badge badge-default'>#test-id=3</span>
<span title='Skip to the next failed step' class='badge badge-danger pointer float-right ne ml-1'><i class="fa fa-fast-forward"></i></span>
<span title='Collapse all nodes' class='badge badge-default pointer float-right ct ml-1'><i class="fa fa-compress"></i></span>
<span title='Expand all nodes' class='badge badge-default pointer float-right et'><i class="fa fa-expand"></i></span>
</div>
</div>
</div><div class="detail-body mt-4">
<table class="table table-sm">
  <thead><tr><th class="status-col">Status</th><th class="timestamp-col">Timestamp</th><th class="details-col">Details</th></tr></thead>
  <tbody>
      <tr class="event-row">
        <td><span class="badge log info-bg">Info</span></td>
        <td>1:15:42 pm</td>
        <td>
          TC_LP_003_Validate_login_with_invalid_email_and_valid_password Started Executing
        </td>
      </tr>
      <tr class="event-row">
        <td><span class="badge log pass-bg">Pass</span></td>
        <td>1:15:43 pm</td>
        <td>
          TC_LP_003_Validate_login_with_invalid_email_and_valid_password Got Passed ✅

        </td>
      </tr>
  </tbody>
</table>
</div>
          </div>
        </li>
        <li class="test-item"  status="pass" test-id="4"
          author=""
          tag=""
          device="">
          <div class="test-detail">
            <p class="name">TC_LP_004_Validate_login_with_valid_email_and_invalid_password</p>
            <p class="text-sm">
              <span>1:15:45 pm</span> / <span>00:00:00:485</span>
              <span class="badge pass-bg log float-right">Pass</span>
            </p>
          </div>
          <div class="test-contents d-none">
<div class="detail-head">
<div class="p-v-10">
<div class="info">
<h5 class="test-status text-pass">TC_LP_004_Validate_login_with_valid_email_and_invalid_password</h5>
<span class='badge badge-success'>12.31.2024 1:15:45 pm</span>
<span class='badge badge-danger'>12.31.2024 1:15:45 pm</span>
<span class='badge badge-default'>00:00:00:485</span>
&middot; <span class='uri-anchor badge badge-default'>#test-id=4</span>
<span title='Skip to the next failed step' class='badge badge-danger pointer float-right ne ml-1'><i class="fa fa-fast-forward"></i></span>
<span title='Collapse all nodes' class='badge badge-default pointer float-right ct ml-1'><i class="fa fa-compress"></i></span>
<span title='Expand all nodes' class='badge badge-default pointer float-right et'><i class="fa fa-expand"></i></span>
</div>
</div>
</div><div class="detail-body mt-4">
<table class="table table-sm">
  <thead><tr><th class="status-col">Status</th><th class="timestamp-col">Timestamp</th><th class="details-col">Details</th></tr></thead>
  <tbody>
      <tr class="event-row">
        <td><span class="badge log info-bg">Info</span></td>
        <td>1:15:45 pm</td>
        <td>
          TC_LP_004_Validate_login_with_valid_email_and_invalid_password Started Executing
        </td>
      </tr>
      <tr class="event-row">
        <td><span class="badge log pass-bg">Pass</span></td>
        <td>1:15:45 pm</td>
        <td>
          TC_LP_004_Validate_login_with_valid_email_and_invalid_password Got Passed ✅

        </td>
      </tr>
  </tbody>
</table>
</div>
          </div>
        </li>
        <li class="test-item"  status="pass" test-id="5"
          author=""
          tag=""
          device="">
          <div class="test-detail">
            <p class="name">TC_LP_005_Validate_login_without_providing_any_credentials</p>
            <p class="text-sm">
              <span>1:15:47 pm</span> / <span>00:00:00:411</span>
              <span class="badge pass-bg log float-right">Pass</span>
            </p>
          </div>
          <div class="test-contents d-none">
<div class="detail-head">
<div class="p-v-10">
<div class="info">
<h5 class="test-status text-pass">TC_LP_005_Validate_login_without_providing_any_credentials</h5>
<span class='badge badge-success'>12.31.2024 1:15:47 pm</span>
<span class='badge badge-danger'>12.31.2024 1:15:48 pm</span>
<span class='badge badge-default'>00:00:00:411</span>
&middot; <span class='uri-anchor badge badge-default'>#test-id=5</span>
<span title='Skip to the next failed step' class='badge badge-danger pointer float-right ne ml-1'><i class="fa fa-fast-forward"></i></span>
<span title='Collapse all nodes' class='badge badge-default pointer float-right ct ml-1'><i class="fa fa-compress"></i></span>
<span title='Expand all nodes' class='badge badge-default pointer float-right et'><i class="fa fa-expand"></i></span>
</div>
</div>
</div><div class="detail-body mt-4">
<table class="table table-sm">
  <thead><tr><th class="status-col">Status</th><th class="timestamp-col">Timestamp</th><th class="details-col">Details</th></tr></thead>
  <tbody>
      <tr class="event-row">
        <td><span class="badge log info-bg">Info</span></td>
        <td>1:15:47 pm</td>
        <td>
          TC_LP_005_Validate_login_without_providing_any_credentials Started Executing
        </td>
      </tr>
      <tr class="event-row">
        <td><span class="badge log pass-bg">Pass</span></td>
        <td>1:15:48 pm</td>
        <td>
          TC_LP_005_Validate_login_without_providing_any_credentials Got Passed ✅

        </td>
      </tr>
  </tbody>
</table>
</div>
          </div>
        </li>
        <li class="test-item"  status="fail" test-id="6"
          author=""
          tag=""
          device="">
          <div class="test-detail">
            <p class="name">TC_LP_006_Validate_forgot_password_link_functionality</p>
            <p class="text-sm">
              <span>1:15:49 pm</span> / <span>00:00:00:632</span>
              <span class="badge fail-bg log float-right">Fail</span>
            </p>
          </div>
          <div class="test-contents d-none">
<div class="detail-head">
<div class="p-v-10">
<div class="info">
<h5 class="test-status text-fail">TC_LP_006_Validate_forgot_password_link_functionality</h5>
<span class='badge badge-success'>12.31.2024 1:15:49 pm</span>
<span class='badge badge-danger'>12.31.2024 1:15:50 pm</span>
<span class='badge badge-default'>00:00:00:632</span>
&middot; <span class='uri-anchor badge badge-default'>#test-id=6</span>
<span title='Skip to the next failed step' class='badge badge-danger pointer float-right ne ml-1'><i class="fa fa-fast-forward"></i></span>
<span title='Collapse all nodes' class='badge badge-default pointer float-right ct ml-1'><i class="fa fa-compress"></i></span>
<span title='Expand all nodes' class='badge badge-default pointer float-right et'><i class="fa fa-expand"></i></span>
</div>
</div>
</div>    <div class="row mb-3"><div class="col-md-3">
    

<img data-featherlight='C:\Users\Prajwal\OneDrive - CYBERCORP LIMITED\Projects\intellij-workspace\UEM_AUTOAMATION_V3\Screenshots\TC_LP_006_Validate_forgot_password_link_functionality.png' src="C:\Users\Prajwal\OneDrive - CYBERCORP LIMITED\Projects\intellij-workspace\UEM_AUTOAMATION_V3\Screenshots\TC_LP_006_Validate_forgot_password_link_functionality.png">
  
    

    </div></div>
<div class="detail-body mt-4">
<table class="table table-sm">
  <thead><tr><th class="status-col">Status</th><th class="timestamp-col">Timestamp</th><th class="details-col">Details</th></tr></thead>
  <tbody>
      <tr class="event-row">
        <td><span class="badge log info-bg">Info</span></td>
        <td>1:15:49 pm</td>
        <td>
          TC_LP_006_Validate_forgot_password_link_functionality Started Executing
        </td>
      </tr>
      <tr class="event-row">
        <td><span class="badge log fail-bg">Fail</span></td>
        <td>1:15:50 pm</td>
        <td>
          TC_LP_006_Validate_forgot_password_link_functionality Got Failed ❌
        </td>
      </tr>
      <tr class="event-row">
        <td><span class="badge log info-bg">Info</span></td>
        <td>1:15:50 pm</td>
        <td>
          java.lang.AssertionError: [Error: actualLabelText does not match with expectedLabelText] expected [Recovery Password] but found []

        </td>
      </tr>
  </tbody>
</table>
</div>
          </div>
        </li>
        <li class="test-item"  status="pass" test-id="7"
          author=""
          tag=""
          device="">
          <div class="test-detail">
            <p class="name">TC_LP_007_Validate_logging_into_the_application_using_keyboard_keys</p>
            <p class="text-sm">
              <span>1:15:52 pm</span> / <span>00:00:06:636</span>
              <span class="badge pass-bg log float-right">Pass</span>
            </p>
          </div>
          <div class="test-contents d-none">
<div class="detail-head">
<div class="p-v-10">
<div class="info">
<h5 class="test-status text-pass">TC_LP_007_Validate_logging_into_the_application_using_keyboard_keys</h5>
<span class='badge badge-success'>12.31.2024 1:15:52 pm</span>
<span class='badge badge-danger'>12.31.2024 1:15:58 pm</span>
<span class='badge badge-default'>00:00:06:636</span>
&middot; <span class='uri-anchor badge badge-default'>#test-id=7</span>
<span title='Skip to the next failed step' class='badge badge-danger pointer float-right ne ml-1'><i class="fa fa-fast-forward"></i></span>
<span title='Collapse all nodes' class='badge badge-default pointer float-right ct ml-1'><i class="fa fa-compress"></i></span>
<span title='Expand all nodes' class='badge badge-default pointer float-right et'><i class="fa fa-expand"></i></span>
</div>
</div>
</div><div class="detail-body mt-4">
<table class="table table-sm">
  <thead><tr><th class="status-col">Status</th><th class="timestamp-col">Timestamp</th><th class="details-col">Details</th></tr></thead>
  <tbody>
      <tr class="event-row">
        <td><span class="badge log info-bg">Info</span></td>
        <td>1:15:52 pm</td>
        <td>
          TC_LP_007_Validate_logging_into_the_application_using_keyboard_keys Started Executing
        </td>
      </tr>
      <tr class="event-row">
        <td><span class="badge log pass-bg">Pass</span></td>
        <td>1:15:58 pm</td>
        <td>
          TC_LP_007_Validate_logging_into_the_application_using_keyboard_keys Got Passed ✅

        </td>
      </tr>
  </tbody>
</table>
</div>
          </div>
        </li>
        <li class="test-item"  status="pass" test-id="8"
          author=""
          tag=""
          device="">
          <div class="test-detail">
            <p class="name">TC_LP_008_Validate_email_and_pass_text_fields_in_login_page_have_placeholder_text</p>
            <p class="text-sm">
              <span>1:16:00 pm</span> / <span>00:00:00:053</span>
              <span class="badge pass-bg log float-right">Pass</span>
            </p>
          </div>
          <div class="test-contents d-none">
<div class="detail-head">
<div class="p-v-10">
<div class="info">
<h5 class="test-status text-pass">TC_LP_008_Validate_email_and_pass_text_fields_in_login_page_have_placeholder_text</h5>
<span class='badge badge-success'>12.31.2024 1:16:00 pm</span>
<span class='badge badge-danger'>12.31.2024 1:16:00 pm</span>
<span class='badge badge-default'>00:00:00:053</span>
&middot; <span class='uri-anchor badge badge-default'>#test-id=8</span>
<span title='Skip to the next failed step' class='badge badge-danger pointer float-right ne ml-1'><i class="fa fa-fast-forward"></i></span>
<span title='Collapse all nodes' class='badge badge-default pointer float-right ct ml-1'><i class="fa fa-compress"></i></span>
<span title='Expand all nodes' class='badge badge-default pointer float-right et'><i class="fa fa-expand"></i></span>
</div>
</div>
</div><div class="detail-body mt-4">
<table class="table table-sm">
  <thead><tr><th class="status-col">Status</th><th class="timestamp-col">Timestamp</th><th class="details-col">Details</th></tr></thead>
  <tbody>
      <tr class="event-row">
        <td><span class="badge log info-bg">Info</span></td>
        <td>1:16:00 pm</td>
        <td>
          TC_LP_008_Validate_email_and_pass_text_fields_in_login_page_have_placeholder_text Started Executing
        </td>
      </tr>
      <tr class="event-row">
        <td><span class="badge log pass-bg">Pass</span></td>
        <td>1:16:00 pm</td>
        <td>
          TC_LP_008_Validate_email_and_pass_text_fields_in_login_page_have_placeholder_text Got Passed ✅

        </td>
      </tr>
  </tbody>
</table>
</div>
          </div>
        </li>
        <li class="test-item"  status="pass" test-id="9"
          author=""
          tag=""
          device="">
          <div class="test-detail">
            <p class="name">TC_LP_009_Validate_logging_into_the_application_and_browsing_back_using_browser_back_button</p>
            <p class="text-sm">
              <span>1:16:02 pm</span> / <span>00:00:17:611</span>
              <span class="badge pass-bg log float-right">Pass</span>
            </p>
          </div>
          <div class="test-contents d-none">
<div class="detail-head">
<div class="p-v-10">
<div class="info">
<h5 class="test-status text-pass">TC_LP_009_Validate_logging_into_the_application_and_browsing_back_using_browser_back_button</h5>
<span class='badge badge-success'>12.31.2024 1:16:02 pm</span>
<span class='badge badge-danger'>12.31.2024 1:16:19 pm</span>
<span class='badge badge-default'>00:00:17:611</span>
&middot; <span class='uri-anchor badge badge-default'>#test-id=9</span>
<span title='Skip to the next failed step' class='badge badge-danger pointer float-right ne ml-1'><i class="fa fa-fast-forward"></i></span>
<span title='Collapse all nodes' class='badge badge-default pointer float-right ct ml-1'><i class="fa fa-compress"></i></span>
<span title='Expand all nodes' class='badge badge-default pointer float-right et'><i class="fa fa-expand"></i></span>
</div>
</div>
</div><div class="detail-body mt-4">
<table class="table table-sm">
  <thead><tr><th class="status-col">Status</th><th class="timestamp-col">Timestamp</th><th class="details-col">Details</th></tr></thead>
  <tbody>
      <tr class="event-row">
        <td><span class="badge log info-bg">Info</span></td>
        <td>1:16:02 pm</td>
        <td>
          TC_LP_009_Validate_logging_into_the_application_and_browsing_back_using_browser_back_button Started Executing
        </td>
      </tr>
      <tr class="event-row">
        <td><span class="badge log pass-bg">Pass</span></td>
        <td>1:16:19 pm</td>
        <td>
          TC_LP_009_Validate_logging_into_the_application_and_browsing_back_using_browser_back_button Got Passed ✅

        </td>
      </tr>
  </tbody>
</table>
</div>
          </div>
        </li>
        <li class="test-item"  status="pass" test-id="10"
          author=""
          tag=""
          device="">
          <div class="test-detail">
            <p class="name">TC_LP_010_Validate_logging_out_the_application_and_browsing_back_using_browser_back_button</p>
            <p class="text-sm">
              <span>1:16:21 pm</span> / <span>00:00:19:133</span>
              <span class="badge pass-bg log float-right">Pass</span>
            </p>
          </div>
          <div class="test-contents d-none">
<div class="detail-head">
<div class="p-v-10">
<div class="info">
<h5 class="test-status text-pass">TC_LP_010_Validate_logging_out_the_application_and_browsing_back_using_browser_back_button</h5>
<span class='badge badge-success'>12.31.2024 1:16:21 pm</span>
<span class='badge badge-danger'>12.31.2024 1:16:40 pm</span>
<span class='badge badge-default'>00:00:19:133</span>
&middot; <span class='uri-anchor badge badge-default'>#test-id=10</span>
<span title='Skip to the next failed step' class='badge badge-danger pointer float-right ne ml-1'><i class="fa fa-fast-forward"></i></span>
<span title='Collapse all nodes' class='badge badge-default pointer float-right ct ml-1'><i class="fa fa-compress"></i></span>
<span title='Expand all nodes' class='badge badge-default pointer float-right et'><i class="fa fa-expand"></i></span>
</div>
</div>
</div><div class="detail-body mt-4">
<table class="table table-sm">
  <thead><tr><th class="status-col">Status</th><th class="timestamp-col">Timestamp</th><th class="details-col">Details</th></tr></thead>
  <tbody>
      <tr class="event-row">
        <td><span class="badge log info-bg">Info</span></td>
        <td>1:16:21 pm</td>
        <td>
          TC_LP_010_Validate_logging_out_the_application_and_browsing_back_using_browser_back_button Started Executing
        </td>
      </tr>
      <tr class="event-row">
        <td><span class="badge log pass-bg">Pass</span></td>
        <td>1:16:40 pm</td>
        <td>
          TC_LP_010_Validate_logging_out_the_application_and_browsing_back_using_browser_back_button Got Passed ✅

        </td>
      </tr>
  </tbody>
</table>
</div>
          </div>
        </li>
        <li class="test-item"  status="pass" test-id="11"
          author=""
          tag=""
          device="">
          <div class="test-detail">
            <p class="name">TC_DMW_001_Validate_users_able_to_view_the_settings_applied_on_the_group</p>
            <p class="text-sm">
              <span>1:16:42 pm</span> / <span>00:00:10:534</span>
              <span class="badge pass-bg log float-right">Pass</span>
            </p>
          </div>
          <div class="test-contents d-none">
<div class="detail-head">
<div class="p-v-10">
<div class="info">
<h5 class="test-status text-pass">TC_DMW_001_Validate_users_able_to_view_the_settings_applied_on_the_group</h5>
<span class='badge badge-success'>12.31.2024 1:16:42 pm</span>
<span class='badge badge-danger'>12.31.2024 1:16:53 pm</span>
<span class='badge badge-default'>00:00:10:534</span>
&middot; <span class='uri-anchor badge badge-default'>#test-id=11</span>
<span title='Skip to the next failed step' class='badge badge-danger pointer float-right ne ml-1'><i class="fa fa-fast-forward"></i></span>
<span title='Collapse all nodes' class='badge badge-default pointer float-right ct ml-1'><i class="fa fa-compress"></i></span>
<span title='Expand all nodes' class='badge badge-default pointer float-right et'><i class="fa fa-expand"></i></span>
</div>
</div>
</div><div class="detail-body mt-4">
<table class="table table-sm">
  <thead><tr><th class="status-col">Status</th><th class="timestamp-col">Timestamp</th><th class="details-col">Details</th></tr></thead>
  <tbody>
      <tr class="event-row">
        <td><span class="badge log info-bg">Info</span></td>
        <td>1:16:42 pm</td>
        <td>
          TC_DMW_001_Validate_users_able_to_view_the_settings_applied_on_the_group Started Executing
        </td>
      </tr>
      <tr class="event-row">
        <td><span class="badge log pass-bg">Pass</span></td>
        <td>1:16:53 pm</td>
        <td>
          TC_DMW_001_Validate_users_able_to_view_the_settings_applied_on_the_group Got Passed ✅

        </td>
      </tr>
  </tbody>
</table>
</div>
          </div>
        </li>
        <li class="test-item"  status="pass" test-id="12"
          author=""
          tag=""
          device="">
          <div class="test-detail">
            <p class="name">TC_DMW_002_Validate_users_able_to_apply_execute_later_or_saved_task_on_the_group</p>
            <p class="text-sm">
              <span>1:16:55 pm</span> / <span>00:00:16:628</span>
              <span class="badge pass-bg log float-right">Pass</span>
            </p>
          </div>
          <div class="test-contents d-none">
<div class="detail-head">
<div class="p-v-10">
<div class="info">
<h5 class="test-status text-pass">TC_DMW_002_Validate_users_able_to_apply_execute_later_or_saved_task_on_the_group</h5>
<span class='badge badge-success'>12.31.2024 1:16:55 pm</span>
<span class='badge badge-danger'>12.31.2024 1:17:12 pm</span>
<span class='badge badge-default'>00:00:16:628</span>
&middot; <span class='uri-anchor badge badge-default'>#test-id=12</span>
<span title='Skip to the next failed step' class='badge badge-danger pointer float-right ne ml-1'><i class="fa fa-fast-forward"></i></span>
<span title='Collapse all nodes' class='badge badge-default pointer float-right ct ml-1'><i class="fa fa-compress"></i></span>
<span title='Expand all nodes' class='badge badge-default pointer float-right et'><i class="fa fa-expand"></i></span>
</div>
</div>
</div><div class="detail-body mt-4">
<table class="table table-sm">
  <thead><tr><th class="status-col">Status</th><th class="timestamp-col">Timestamp</th><th class="details-col">Details</th></tr></thead>
  <tbody>
      <tr class="event-row">
        <td><span class="badge log info-bg">Info</span></td>
        <td>1:16:55 pm</td>
        <td>
          TC_DMW_002_Validate_users_able_to_apply_execute_later_or_saved_task_on_the_group Started Executing
        </td>
      </tr>
      <tr class="event-row">
        <td><span class="badge log pass-bg">Pass</span></td>
        <td>1:17:12 pm</td>
        <td>
          TC_DMW_002_Validate_users_able_to_apply_execute_later_or_saved_task_on_the_group Got Passed ✅

        </td>
      </tr>
  </tbody>
</table>
</div>
          </div>
        </li>
        <li class="test-item"  status="pass" test-id="13"
          author=""
          tag=""
          device="">
          <div class="test-detail">
            <p class="name">TC_DMW_003_Validate_users_are_able_to_view_the_information_on_the_windows_os_profile_settings_defined_on_the_group</p>
            <p class="text-sm">
              <span>1:17:14 pm</span> / <span>00:00:10:036</span>
              <span class="badge pass-bg log float-right">Pass</span>
            </p>
          </div>
          <div class="test-contents d-none">
<div class="detail-head">
<div class="p-v-10">
<div class="info">
<h5 class="test-status text-pass">TC_DMW_003_Validate_users_are_able_to_view_the_information_on_the_windows_os_profile_settings_defined_on_the_group</h5>
<span class='badge badge-success'>12.31.2024 1:17:14 pm</span>
<span class='badge badge-danger'>12.31.2024 1:17:24 pm</span>
<span class='badge badge-default'>00:00:10:036</span>
&middot; <span class='uri-anchor badge badge-default'>#test-id=13</span>
<span title='Skip to the next failed step' class='badge badge-danger pointer float-right ne ml-1'><i class="fa fa-fast-forward"></i></span>
<span title='Collapse all nodes' class='badge badge-default pointer float-right ct ml-1'><i class="fa fa-compress"></i></span>
<span title='Expand all nodes' class='badge badge-default pointer float-right et'><i class="fa fa-expand"></i></span>
</div>
</div>
</div><div class="detail-body mt-4">
<table class="table table-sm">
  <thead><tr><th class="status-col">Status</th><th class="timestamp-col">Timestamp</th><th class="details-col">Details</th></tr></thead>
  <tbody>
      <tr class="event-row">
        <td><span class="badge log info-bg">Info</span></td>
        <td>1:17:14 pm</td>
        <td>
          TC_DMW_003_Validate_users_are_able_to_view_the_information_on_the_windows_os_profile_settings_defined_on_the_group Started Executing
        </td>
      </tr>
      <tr class="event-row">
        <td><span class="badge log pass-bg">Pass</span></td>
        <td>1:17:24 pm</td>
        <td>
          TC_DMW_003_Validate_users_are_able_to_view_the_information_on_the_windows_os_profile_settings_defined_on_the_group Got Passed ✅

        </td>
      </tr>
  </tbody>
</table>
</div>
          </div>
        </li>
        <li class="test-item"  status="pass" test-id="14"
          author=""
          tag=""
          device="">
          <div class="test-detail">
            <p class="name">TC_DMW_004_Validate_users_are_able_to_view_the_information_on_the_linux_os_profile_settings_defined_on_the_group</p>
            <p class="text-sm">
              <span>1:17:26 pm</span> / <span>00:00:10:018</span>
              <span class="badge pass-bg log float-right">Pass</span>
            </p>
          </div>
          <div class="test-contents d-none">
<div class="detail-head">
<div class="p-v-10">
<div class="info">
<h5 class="test-status text-pass">TC_DMW_004_Validate_users_are_able_to_view_the_information_on_the_linux_os_profile_settings_defined_on_the_group</h5>
<span class='badge badge-success'>12.31.2024 1:17:26 pm</span>
<span class='badge badge-danger'>12.31.2024 1:17:36 pm</span>
<span class='badge badge-default'>00:00:10:018</span>
&middot; <span class='uri-anchor badge badge-default'>#test-id=14</span>
<span title='Skip to the next failed step' class='badge badge-danger pointer float-right ne ml-1'><i class="fa fa-fast-forward"></i></span>
<span title='Collapse all nodes' class='badge badge-default pointer float-right ct ml-1'><i class="fa fa-compress"></i></span>
<span title='Expand all nodes' class='badge badge-default pointer float-right et'><i class="fa fa-expand"></i></span>
</div>
</div>
</div><div class="detail-body mt-4">
<table class="table table-sm">
  <thead><tr><th class="status-col">Status</th><th class="timestamp-col">Timestamp</th><th class="details-col">Details</th></tr></thead>
  <tbody>
      <tr class="event-row">
        <td><span class="badge log info-bg">Info</span></td>
        <td>1:17:26 pm</td>
        <td>
          TC_DMW_004_Validate_users_are_able_to_view_the_information_on_the_linux_os_profile_settings_defined_on_the_group Started Executing
        </td>
      </tr>
      <tr class="event-row">
        <td><span class="badge log pass-bg">Pass</span></td>
        <td>1:17:36 pm</td>
        <td>
          TC_DMW_004_Validate_users_are_able_to_view_the_information_on_the_linux_os_profile_settings_defined_on_the_group Got Passed ✅

        </td>
      </tr>
  </tbody>
</table>
</div>
          </div>
        </li>
        <li class="test-item"  status="fail" test-id="15"
          author=""
          tag=""
          device="">
          <div class="test-detail">
            <p class="name">TC_DMW_005_Validate_users_are_able_to_view_System_information_about_device_registered</p>
            <p class="text-sm">
              <span>1:17:38 pm</span> / <span>00:00:19:815</span>
              <span class="badge fail-bg log float-right">Fail</span>
            </p>
          </div>
          <div class="test-contents d-none">
<div class="detail-head">
<div class="p-v-10">
<div class="info">
<h5 class="test-status text-fail">TC_DMW_005_Validate_users_are_able_to_view_System_information_about_device_registered</h5>
<span class='badge badge-success'>12.31.2024 1:17:38 pm</span>
<span class='badge badge-danger'>12.31.2024 1:17:58 pm</span>
<span class='badge badge-default'>00:00:19:815</span>
&middot; <span class='uri-anchor badge badge-default'>#test-id=15</span>
<span title='Skip to the next failed step' class='badge badge-danger pointer float-right ne ml-1'><i class="fa fa-fast-forward"></i></span>
<span title='Collapse all nodes' class='badge badge-default pointer float-right ct ml-1'><i class="fa fa-compress"></i></span>
<span title='Expand all nodes' class='badge badge-default pointer float-right et'><i class="fa fa-expand"></i></span>
</div>
</div>
</div>    <div class="row mb-3"><div class="col-md-3">
    

<img data-featherlight='C:\Users\Prajwal\OneDrive - CYBERCORP LIMITED\Projects\intellij-workspace\UEM_AUTOAMATION_V3\Screenshots\TC_DMW_005_Validate_users_are_able_to_view_System_information_about_device_registered.png' src="C:\Users\Prajwal\OneDrive - CYBERCORP LIMITED\Projects\intellij-workspace\UEM_AUTOAMATION_V3\Screenshots\TC_DMW_005_Validate_users_are_able_to_view_System_information_about_device_registered.png">
  
    

    </div></div>
<div class="detail-body mt-4">
<table class="table table-sm">
  <thead><tr><th class="status-col">Status</th><th class="timestamp-col">Timestamp</th><th class="details-col">Details</th></tr></thead>
  <tbody>
      <tr class="event-row">
        <td><span class="badge log info-bg">Info</span></td>
        <td>1:17:38 pm</td>
        <td>
          TC_DMW_005_Validate_users_are_able_to_view_System_information_about_device_registered Started Executing
        </td>
      </tr>
      <tr class="event-row">
        <td><span class="badge log fail-bg">Fail</span></td>
        <td>1:17:58 pm</td>
        <td>
          TC_DMW_005_Validate_users_are_able_to_view_System_information_about_device_registered Got Failed ❌
        </td>
      </tr>
      <tr class="event-row">
        <td><span class="badge log info-bg">Info</span></td>
        <td>1:17:58 pm</td>
        <td>
          org.openqa.selenium.NoSuchElementException: no such element: Unable to locate element: {"method":"xpath","selector":"//div[contains(@class,'rtSelected')]//span[contains(@class,'rtPlus')]"}
  (Session info: chrome=131.0.6778.205)
For documentation on this error, please visit: https://www.selenium.dev/documentation/webdriver/troubleshooting/errors#no-such-element-exception
Build info: version: '4.26.0', revision: '8ccf0219d7'
System info: os.name: 'Windows 11', os.arch: 'amd64', os.version: '10.0', java.version: '21.0.5'
Driver info: org.openqa.selenium.chrome.ChromeDriver
Command: [c933219955c3b5dfb35f4d4c65247300, findElement {value=//div[contains(@class,'rtSelected')]//span[contains(@class,'rtPlus')], using=xpath}]
Capabilities {acceptInsecureCerts: false, browserName: chrome, browserVersion: 131.0.6778.205, chrome: {chromedriverVersion: 131.0.6778.204 (52183f9e99a..., userDataDir: C:\Users\Prajwal\AppData\Lo...}, fedcm:accounts: true, goog:chromeOptions: {debuggerAddress: localhost:63977}, networkConnectionEnabled: false, pageLoadStrategy: normal, platformName: windows, proxy: Proxy(), se:cdp: ws://localhost:63977/devtoo..., se:cdpVersion: 131.0.6778.205, setWindowRect: true, strictFileInteractability: false, timeouts: {implicit: 0, pageLoad: 300000, script: 30000}, unhandledPromptBehavior: dismiss and notify, webauthn:extension:credBlob: true, webauthn:extension:largeBlob: true, webauthn:extension:minPinLength: true, webauthn:extension:prf: true, webauthn:virtualAuthenticators: true}
Session ID: c933219955c3b5dfb35f4d4c65247300

        </td>
      </tr>
  </tbody>
</table>
</div>
          </div>
        </li>
        <li class="test-item"  status="fail" test-id="16"
          author=""
          tag=""
          device="">
          <div class="test-detail">
            <p class="name">TC_DMW_006_Validate_users_are_able_to_view_System_profile_about_device_registerd</p>
            <p class="text-sm">
              <span>1:18:01 pm</span> / <span>00:00:19:692</span>
              <span class="badge fail-bg log float-right">Fail</span>
            </p>
          </div>
          <div class="test-contents d-none">
<div class="detail-head">
<div class="p-v-10">
<div class="info">
<h5 class="test-status text-fail">TC_DMW_006_Validate_users_are_able_to_view_System_profile_about_device_registerd</h5>
<span class='badge badge-success'>12.31.2024 1:18:01 pm</span>
<span class='badge badge-danger'>12.31.2024 1:18:21 pm</span>
<span class='badge badge-default'>00:00:19:692</span>
&middot; <span class='uri-anchor badge badge-default'>#test-id=16</span>
<span title='Skip to the next failed step' class='badge badge-danger pointer float-right ne ml-1'><i class="fa fa-fast-forward"></i></span>
<span title='Collapse all nodes' class='badge badge-default pointer float-right ct ml-1'><i class="fa fa-compress"></i></span>
<span title='Expand all nodes' class='badge badge-default pointer float-right et'><i class="fa fa-expand"></i></span>
</div>
</div>
</div>    <div class="row mb-3"><div class="col-md-3">
    

<img data-featherlight='C:\Users\Prajwal\OneDrive - CYBERCORP LIMITED\Projects\intellij-workspace\UEM_AUTOAMATION_V3\Screenshots\TC_DMW_006_Validate_users_are_able_to_view_System_profile_about_device_registerd.png' src="C:\Users\Prajwal\OneDrive - CYBERCORP LIMITED\Projects\intellij-workspace\UEM_AUTOAMATION_V3\Screenshots\TC_DMW_006_Validate_users_are_able_to_view_System_profile_about_device_registerd.png">
  
    

    </div></div>
<div class="detail-body mt-4">
<table class="table table-sm">
  <thead><tr><th class="status-col">Status</th><th class="timestamp-col">Timestamp</th><th class="details-col">Details</th></tr></thead>
  <tbody>
      <tr class="event-row">
        <td><span class="badge log info-bg">Info</span></td>
        <td>1:18:01 pm</td>
        <td>
          TC_DMW_006_Validate_users_are_able_to_view_System_profile_about_device_registerd Started Executing
        </td>
      </tr>
      <tr class="event-row">
        <td><span class="badge log fail-bg">Fail</span></td>
        <td>1:18:21 pm</td>
        <td>
          TC_DMW_006_Validate_users_are_able_to_view_System_profile_about_device_registerd Got Failed ❌
        </td>
      </tr>
      <tr class="event-row">
        <td><span class="badge log info-bg">Info</span></td>
        <td>1:18:21 pm</td>
        <td>
          org.openqa.selenium.NoSuchElementException: no such element: Unable to locate element: {"method":"xpath","selector":"//div[contains(@class,'rtSelected')]//span[contains(@class,'rtPlus')]"}
  (Session info: chrome=131.0.6778.205)
For documentation on this error, please visit: https://www.selenium.dev/documentation/webdriver/troubleshooting/errors#no-such-element-exception
Build info: version: '4.26.0', revision: '8ccf0219d7'
System info: os.name: 'Windows 11', os.arch: 'amd64', os.version: '10.0', java.version: '21.0.5'
Driver info: org.openqa.selenium.chrome.ChromeDriver
Command: [77aa24623330d09f52ace0e26402872e, findElement {value=//div[contains(@class,'rtSelected')]//span[contains(@class,'rtPlus')], using=xpath}]
Capabilities {acceptInsecureCerts: false, browserName: chrome, browserVersion: 131.0.6778.205, chrome: {chromedriverVersion: 131.0.6778.204 (52183f9e99a..., userDataDir: C:\Users\Prajwal\AppData\Lo...}, fedcm:accounts: true, goog:chromeOptions: {debuggerAddress: localhost:64007}, networkConnectionEnabled: false, pageLoadStrategy: normal, platformName: windows, proxy: Proxy(), se:cdp: ws://localhost:64007/devtoo..., se:cdpVersion: 131.0.6778.205, setWindowRect: true, strictFileInteractability: false, timeouts: {implicit: 0, pageLoad: 300000, script: 30000}, unhandledPromptBehavior: dismiss and notify, webauthn:extension:credBlob: true, webauthn:extension:largeBlob: true, webauthn:extension:minPinLength: true, webauthn:extension:prf: true, webauthn:virtualAuthenticators: true}
Session ID: 77aa24623330d09f52ace0e26402872e

        </td>
      </tr>
  </tbody>
</table>
</div>
          </div>
        </li>
        <li class="test-item"  status="fail" test-id="17"
          author=""
          tag=""
          device="">
          <div class="test-detail">
            <p class="name">TC_TM_001_Create_template</p>
            <p class="text-sm">
              <span>1:18:31 pm</span> / <span>00:00:10:917</span>
              <span class="badge fail-bg log float-right">Fail</span>
            </p>
          </div>
          <div class="test-contents d-none">
<div class="detail-head">
<div class="p-v-10">
<div class="info">
<h5 class="test-status text-fail">TC_TM_001_Create_template</h5>
<span class='badge badge-success'>12.31.2024 1:18:31 pm</span>
<span class='badge badge-danger'>12.31.2024 1:18:42 pm</span>
<span class='badge badge-default'>00:00:10:917</span>
&middot; <span class='uri-anchor badge badge-default'>#test-id=17</span>
<span title='Skip to the next failed step' class='badge badge-danger pointer float-right ne ml-1'><i class="fa fa-fast-forward"></i></span>
<span title='Collapse all nodes' class='badge badge-default pointer float-right ct ml-1'><i class="fa fa-compress"></i></span>
<span title='Expand all nodes' class='badge badge-default pointer float-right et'><i class="fa fa-expand"></i></span>
</div>
</div>
</div>    <div class="row mb-3"><div class="col-md-3">
    

<img data-featherlight='C:\Users\Prajwal\OneDrive - CYBERCORP LIMITED\Projects\intellij-workspace\UEM_AUTOAMATION_V3\Screenshots\TC_TM_001_Create_template.png' src="C:\Users\Prajwal\OneDrive - CYBERCORP LIMITED\Projects\intellij-workspace\UEM_AUTOAMATION_V3\Screenshots\TC_TM_001_Create_template.png">
  
    

    </div></div>
<div class="detail-body mt-4">
<table class="table table-sm">
  <thead><tr><th class="status-col">Status</th><th class="timestamp-col">Timestamp</th><th class="details-col">Details</th></tr></thead>
  <tbody>
      <tr class="event-row">
        <td><span class="badge log info-bg">Info</span></td>
        <td>1:18:31 pm</td>
        <td>
          TC_TM_001_Create_template Started Executing
        </td>
      </tr>
      <tr class="event-row">
        <td><span class="badge log fail-bg">Fail</span></td>
        <td>1:18:42 pm</td>
        <td>
          TC_TM_001_Create_template Got Failed ❌
        </td>
      </tr>
      <tr class="event-row">
        <td><span class="badge log info-bg">Info</span></td>
        <td>1:18:42 pm</td>
        <td>
          org.openqa.selenium.NoSuchElementException: no such element: Unable to locate element: {"method":"xpath","selector":"//ul[@class='menu-nav mt-n1 page-sidebar-menu']//label[@title='Template Manager'][normalize-space()='Template Manager']"}
  (Session info: chrome=131.0.6778.205)
For documentation on this error, please visit: https://www.selenium.dev/documentation/webdriver/troubleshooting/errors#no-such-element-exception
Build info: version: '4.26.0', revision: '8ccf0219d7'
System info: os.name: 'Windows 11', os.arch: 'amd64', os.version: '10.0', java.version: '21.0.5'
Driver info: org.openqa.selenium.chrome.ChromeDriver
Command: [04f415f131ab34e4b23590f6fc791e7f, findElement {value=//ul[@class='menu-nav mt-n1 page-sidebar-menu']//label[@title='Template Manager'][normalize-space()='Template Manager'], using=xpath}]
Capabilities {acceptInsecureCerts: false, browserName: chrome, browserVersion: 131.0.6778.205, chrome: {chromedriverVersion: 131.0.6778.204 (52183f9e99a..., userDataDir: C:\Users\Prajwal\AppData\Lo...}, fedcm:accounts: true, goog:chromeOptions: {debuggerAddress: localhost:64036}, networkConnectionEnabled: false, pageLoadStrategy: normal, platformName: windows, proxy: Proxy(), se:cdp: ws://localhost:64036/devtoo..., se:cdpVersion: 131.0.6778.205, setWindowRect: true, strictFileInteractability: false, timeouts: {implicit: 0, pageLoad: 300000, script: 30000}, unhandledPromptBehavior: dismiss and notify, webauthn:extension:credBlob: true, webauthn:extension:largeBlob: true, webauthn:extension:minPinLength: true, webauthn:extension:prf: true, webauthn:virtualAuthenticators: true}
Session ID: 04f415f131ab34e4b23590f6fc791e7f

        </td>
      </tr>
  </tbody>
</table>
</div>
          </div>
        </li>
        <li class="test-item"  status="fail" test-id="18"
          author=""
          tag=""
          device="">
          <div class="test-detail">
            <p class="name">TC_TM_002_apply_system_settings_networkSettings_802xSecurity</p>
            <p class="text-sm">
              <span>1:18:42 pm</span> / <span>00:00:10:343</span>
              <span class="badge fail-bg log float-right">Fail</span>
            </p>
          </div>
          <div class="test-contents d-none">
<div class="detail-head">
<div class="p-v-10">
<div class="info">
<h5 class="test-status text-fail">TC_TM_002_apply_system_settings_networkSettings_802xSecurity</h5>
<span class='badge badge-success'>12.31.2024 1:18:42 pm</span>
<span class='badge badge-danger'>12.31.2024 1:18:53 pm</span>
<span class='badge badge-default'>00:00:10:343</span>
&middot; <span class='uri-anchor badge badge-default'>#test-id=18</span>
<span title='Skip to the next failed step' class='badge badge-danger pointer float-right ne ml-1'><i class="fa fa-fast-forward"></i></span>
<span title='Collapse all nodes' class='badge badge-default pointer float-right ct ml-1'><i class="fa fa-compress"></i></span>
<span title='Expand all nodes' class='badge badge-default pointer float-right et'><i class="fa fa-expand"></i></span>
</div>
</div>
</div>    <div class="row mb-3"><div class="col-md-3">
    

<img data-featherlight='C:\Users\Prajwal\OneDrive - CYBERCORP LIMITED\Projects\intellij-workspace\UEM_AUTOAMATION_V3\Screenshots\TC_TM_002_apply_system_settings_networkSettings_802xSecurity.png' src="C:\Users\Prajwal\OneDrive - CYBERCORP LIMITED\Projects\intellij-workspace\UEM_AUTOAMATION_V3\Screenshots\TC_TM_002_apply_system_settings_networkSettings_802xSecurity.png">
  
    

    </div></div>
<div class="detail-body mt-4">
<table class="table table-sm">
  <thead><tr><th class="status-col">Status</th><th class="timestamp-col">Timestamp</th><th class="details-col">Details</th></tr></thead>
  <tbody>
      <tr class="event-row">
        <td><span class="badge log info-bg">Info</span></td>
        <td>1:18:42 pm</td>
        <td>
          TC_TM_002_apply_system_settings_networkSettings_802xSecurity Started Executing
        </td>
      </tr>
      <tr class="event-row">
        <td><span class="badge log fail-bg">Fail</span></td>
        <td>1:18:53 pm</td>
        <td>
          TC_TM_002_apply_system_settings_networkSettings_802xSecurity Got Failed ❌
        </td>
      </tr>
      <tr class="event-row">
        <td><span class="badge log info-bg">Info</span></td>
        <td>1:18:53 pm</td>
        <td>
          org.openqa.selenium.NoSuchElementException: no such element: Unable to locate element: {"method":"xpath","selector":"//ul[@class='menu-nav mt-n1 page-sidebar-menu']//li[@id='lblMenu_SysSettings_Window']"}
  (Session info: chrome=131.0.6778.205)
For documentation on this error, please visit: https://www.selenium.dev/documentation/webdriver/troubleshooting/errors#no-such-element-exception
Build info: version: '4.26.0', revision: '8ccf0219d7'
System info: os.name: 'Windows 11', os.arch: 'amd64', os.version: '10.0', java.version: '21.0.5'
Driver info: org.openqa.selenium.chrome.ChromeDriver
Command: [04f415f131ab34e4b23590f6fc791e7f, findElement {value=//ul[@class='menu-nav mt-n1 page-sidebar-menu']//li[@id='lblMenu_SysSettings_Window'], using=xpath}]
Capabilities {acceptInsecureCerts: false, browserName: chrome, browserVersion: 131.0.6778.205, chrome: {chromedriverVersion: 131.0.6778.204 (52183f9e99a..., userDataDir: C:\Users\Prajwal\AppData\Lo...}, fedcm:accounts: true, goog:chromeOptions: {debuggerAddress: localhost:64036}, networkConnectionEnabled: false, pageLoadStrategy: normal, platformName: windows, proxy: Proxy(), se:cdp: ws://localhost:64036/devtoo..., se:cdpVersion: 131.0.6778.205, setWindowRect: true, strictFileInteractability: false, timeouts: {implicit: 0, pageLoad: 300000, script: 30000}, unhandledPromptBehavior: dismiss and notify, webauthn:extension:credBlob: true, webauthn:extension:largeBlob: true, webauthn:extension:minPinLength: true, webauthn:extension:prf: true, webauthn:virtualAuthenticators: true}
Session ID: 04f415f131ab34e4b23590f6fc791e7f

        </td>
      </tr>
  </tbody>
</table>
</div>
          </div>
        </li>
        <li class="test-item"  status="fail" test-id="19"
          author=""
          tag=""
          device="">
          <div class="test-detail">
            <p class="name">TC_TM_002_apply_system_settings_networkSettings_802xSecurity</p>
            <p class="text-sm">
              <span>1:18:53 pm</span> / <span>00:00:10:340</span>
              <span class="badge fail-bg log float-right">Fail</span>
            </p>
          </div>
          <div class="test-contents d-none">
<div class="detail-head">
<div class="p-v-10">
<div class="info">
<h5 class="test-status text-fail">TC_TM_002_apply_system_settings_networkSettings_802xSecurity</h5>
<span class='badge badge-success'>12.31.2024 1:18:53 pm</span>
<span class='badge badge-danger'>12.31.2024 1:19:03 pm</span>
<span class='badge badge-default'>00:00:10:340</span>
&middot; <span class='uri-anchor badge badge-default'>#test-id=19</span>
<span title='Skip to the next failed step' class='badge badge-danger pointer float-right ne ml-1'><i class="fa fa-fast-forward"></i></span>
<span title='Collapse all nodes' class='badge badge-default pointer float-right ct ml-1'><i class="fa fa-compress"></i></span>
<span title='Expand all nodes' class='badge badge-default pointer float-right et'><i class="fa fa-expand"></i></span>
</div>
</div>
</div>    <div class="row mb-3"><div class="col-md-3">
    

<img data-featherlight='C:\Users\Prajwal\OneDrive - CYBERCORP LIMITED\Projects\intellij-workspace\UEM_AUTOAMATION_V3\Screenshots\TC_TM_002_apply_system_settings_networkSettings_802xSecurity.png' src="C:\Users\Prajwal\OneDrive - CYBERCORP LIMITED\Projects\intellij-workspace\UEM_AUTOAMATION_V3\Screenshots\TC_TM_002_apply_system_settings_networkSettings_802xSecurity.png">
  
    

    </div></div>
<div class="detail-body mt-4">
<table class="table table-sm">
  <thead><tr><th class="status-col">Status</th><th class="timestamp-col">Timestamp</th><th class="details-col">Details</th></tr></thead>
  <tbody>
      <tr class="event-row">
        <td><span class="badge log info-bg">Info</span></td>
        <td>1:18:53 pm</td>
        <td>
          TC_TM_002_apply_system_settings_networkSettings_802xSecurity Started Executing
        </td>
      </tr>
      <tr class="event-row">
        <td><span class="badge log fail-bg">Fail</span></td>
        <td>1:19:03 pm</td>
        <td>
          TC_TM_002_apply_system_settings_networkSettings_802xSecurity Got Failed ❌
        </td>
      </tr>
      <tr class="event-row">
        <td><span class="badge log info-bg">Info</span></td>
        <td>1:19:03 pm</td>
        <td>
          org.openqa.selenium.NoSuchElementException: no such element: Unable to locate element: {"method":"xpath","selector":"//ul[@class='menu-nav mt-n1 page-sidebar-menu']//li[@id='lblMenu_SysSettings_Window']"}
  (Session info: chrome=131.0.6778.205)
For documentation on this error, please visit: https://www.selenium.dev/documentation/webdriver/troubleshooting/errors#no-such-element-exception
Build info: version: '4.26.0', revision: '8ccf0219d7'
System info: os.name: 'Windows 11', os.arch: 'amd64', os.version: '10.0', java.version: '21.0.5'
Driver info: org.openqa.selenium.chrome.ChromeDriver
Command: [04f415f131ab34e4b23590f6fc791e7f, findElement {value=//ul[@class='menu-nav mt-n1 page-sidebar-menu']//li[@id='lblMenu_SysSettings_Window'], using=xpath}]
Capabilities {acceptInsecureCerts: false, browserName: chrome, browserVersion: 131.0.6778.205, chrome: {chromedriverVersion: 131.0.6778.204 (52183f9e99a..., userDataDir: C:\Users\Prajwal\AppData\Lo...}, fedcm:accounts: true, goog:chromeOptions: {debuggerAddress: localhost:64036}, networkConnectionEnabled: false, pageLoadStrategy: normal, platformName: windows, proxy: Proxy(), se:cdp: ws://localhost:64036/devtoo..., se:cdpVersion: 131.0.6778.205, setWindowRect: true, strictFileInteractability: false, timeouts: {implicit: 0, pageLoad: 300000, script: 30000}, unhandledPromptBehavior: dismiss and notify, webauthn:extension:credBlob: true, webauthn:extension:largeBlob: true, webauthn:extension:minPinLength: true, webauthn:extension:prf: true, webauthn:virtualAuthenticators: true}
Session ID: 04f415f131ab34e4b23590f6fc791e7f

        </td>
      </tr>
  </tbody>
</table>
</div>
          </div>
        </li>
        <li class="test-item"  status="fail" test-id="20"
          author=""
          tag=""
          device="">
          <div class="test-detail">
            <p class="name">TC_TM_002_apply_system_settings_networkSettings_802xSecurity</p>
            <p class="text-sm">
              <span>1:19:03 pm</span> / <span>00:00:10:316</span>
              <span class="badge fail-bg log float-right">Fail</span>
            </p>
          </div>
          <div class="test-contents d-none">
<div class="detail-head">
<div class="p-v-10">
<div class="info">
<h5 class="test-status text-fail">TC_TM_002_apply_system_settings_networkSettings_802xSecurity</h5>
<span class='badge badge-success'>12.31.2024 1:19:03 pm</span>
<span class='badge badge-danger'>12.31.2024 1:19:13 pm</span>
<span class='badge badge-default'>00:00:10:316</span>
&middot; <span class='uri-anchor badge badge-default'>#test-id=20</span>
<span title='Skip to the next failed step' class='badge badge-danger pointer float-right ne ml-1'><i class="fa fa-fast-forward"></i></span>
<span title='Collapse all nodes' class='badge badge-default pointer float-right ct ml-1'><i class="fa fa-compress"></i></span>
<span title='Expand all nodes' class='badge badge-default pointer float-right et'><i class="fa fa-expand"></i></span>
</div>
</div>
</div>    <div class="row mb-3"><div class="col-md-3">
    

<img data-featherlight='C:\Users\Prajwal\OneDrive - CYBERCORP LIMITED\Projects\intellij-workspace\UEM_AUTOAMATION_V3\Screenshots\TC_TM_002_apply_system_settings_networkSettings_802xSecurity.png' src="C:\Users\Prajwal\OneDrive - CYBERCORP LIMITED\Projects\intellij-workspace\UEM_AUTOAMATION_V3\Screenshots\TC_TM_002_apply_system_settings_networkSettings_802xSecurity.png">
  
    

    </div></div>
<div class="detail-body mt-4">
<table class="table table-sm">
  <thead><tr><th class="status-col">Status</th><th class="timestamp-col">Timestamp</th><th class="details-col">Details</th></tr></thead>
  <tbody>
      <tr class="event-row">
        <td><span class="badge log info-bg">Info</span></td>
        <td>1:19:03 pm</td>
        <td>
          TC_TM_002_apply_system_settings_networkSettings_802xSecurity Started Executing
        </td>
      </tr>
      <tr class="event-row">
        <td><span class="badge log fail-bg">Fail</span></td>
        <td>1:19:13 pm</td>
        <td>
          TC_TM_002_apply_system_settings_networkSettings_802xSecurity Got Failed ❌
        </td>
      </tr>
      <tr class="event-row">
        <td><span class="badge log info-bg">Info</span></td>
        <td>1:19:13 pm</td>
        <td>
          org.openqa.selenium.NoSuchElementException: no such element: Unable to locate element: {"method":"xpath","selector":"//ul[@class='menu-nav mt-n1 page-sidebar-menu']//li[@id='lblMenu_SysSettings_Window']"}
  (Session info: chrome=131.0.6778.205)
For documentation on this error, please visit: https://www.selenium.dev/documentation/webdriver/troubleshooting/errors#no-such-element-exception
Build info: version: '4.26.0', revision: '8ccf0219d7'
System info: os.name: 'Windows 11', os.arch: 'amd64', os.version: '10.0', java.version: '21.0.5'
Driver info: org.openqa.selenium.chrome.ChromeDriver
Command: [04f415f131ab34e4b23590f6fc791e7f, findElement {value=//ul[@class='menu-nav mt-n1 page-sidebar-menu']//li[@id='lblMenu_SysSettings_Window'], using=xpath}]
Capabilities {acceptInsecureCerts: false, browserName: chrome, browserVersion: 131.0.6778.205, chrome: {chromedriverVersion: 131.0.6778.204 (52183f9e99a..., userDataDir: C:\Users\Prajwal\AppData\Lo...}, fedcm:accounts: true, goog:chromeOptions: {debuggerAddress: localhost:64036}, networkConnectionEnabled: false, pageLoadStrategy: normal, platformName: windows, proxy: Proxy(), se:cdp: ws://localhost:64036/devtoo..., se:cdpVersion: 131.0.6778.205, setWindowRect: true, strictFileInteractability: false, timeouts: {implicit: 0, pageLoad: 300000, script: 30000}, unhandledPromptBehavior: dismiss and notify, webauthn:extension:credBlob: true, webauthn:extension:largeBlob: true, webauthn:extension:minPinLength: true, webauthn:extension:prf: true, webauthn:virtualAuthenticators: true}
Session ID: 04f415f131ab34e4b23590f6fc791e7f

        </td>
      </tr>
  </tbody>
</table>
</div>
          </div>
        </li>
        <li class="test-item"  status="fail" test-id="21"
          author=""
          tag=""
          device="">
          <div class="test-detail">
            <p class="name">TC_TM_002_apply_system_settings_networkSettings_802xSecurity</p>
            <p class="text-sm">
              <span>1:19:13 pm</span> / <span>00:00:10:462</span>
              <span class="badge fail-bg log float-right">Fail</span>
            </p>
          </div>
          <div class="test-contents d-none">
<div class="detail-head">
<div class="p-v-10">
<div class="info">
<h5 class="test-status text-fail">TC_TM_002_apply_system_settings_networkSettings_802xSecurity</h5>
<span class='badge badge-success'>12.31.2024 1:19:13 pm</span>
<span class='badge badge-danger'>12.31.2024 1:19:24 pm</span>
<span class='badge badge-default'>00:00:10:462</span>
&middot; <span class='uri-anchor badge badge-default'>#test-id=21</span>
<span title='Skip to the next failed step' class='badge badge-danger pointer float-right ne ml-1'><i class="fa fa-fast-forward"></i></span>
<span title='Collapse all nodes' class='badge badge-default pointer float-right ct ml-1'><i class="fa fa-compress"></i></span>
<span title='Expand all nodes' class='badge badge-default pointer float-right et'><i class="fa fa-expand"></i></span>
</div>
</div>
</div>    <div class="row mb-3"><div class="col-md-3">
    

<img data-featherlight='C:\Users\Prajwal\OneDrive - CYBERCORP LIMITED\Projects\intellij-workspace\UEM_AUTOAMATION_V3\Screenshots\TC_TM_002_apply_system_settings_networkSettings_802xSecurity.png' src="C:\Users\Prajwal\OneDrive - CYBERCORP LIMITED\Projects\intellij-workspace\UEM_AUTOAMATION_V3\Screenshots\TC_TM_002_apply_system_settings_networkSettings_802xSecurity.png">
  
    

    </div></div>
<div class="detail-body mt-4">
<table class="table table-sm">
  <thead><tr><th class="status-col">Status</th><th class="timestamp-col">Timestamp</th><th class="details-col">Details</th></tr></thead>
  <tbody>
      <tr class="event-row">
        <td><span class="badge log info-bg">Info</span></td>
        <td>1:19:13 pm</td>
        <td>
          TC_TM_002_apply_system_settings_networkSettings_802xSecurity Started Executing
        </td>
      </tr>
      <tr class="event-row">
        <td><span class="badge log fail-bg">Fail</span></td>
        <td>1:19:24 pm</td>
        <td>
          TC_TM_002_apply_system_settings_networkSettings_802xSecurity Got Failed ❌
        </td>
      </tr>
      <tr class="event-row">
        <td><span class="badge log info-bg">Info</span></td>
        <td>1:19:24 pm</td>
        <td>
          org.openqa.selenium.NoSuchElementException: no such element: Unable to locate element: {"method":"xpath","selector":"//ul[@class='menu-nav mt-n1 page-sidebar-menu']//li[@id='lblMenu_SysSettings_Window']"}
  (Session info: chrome=131.0.6778.205)
For documentation on this error, please visit: https://www.selenium.dev/documentation/webdriver/troubleshooting/errors#no-such-element-exception
Build info: version: '4.26.0', revision: '8ccf0219d7'
System info: os.name: 'Windows 11', os.arch: 'amd64', os.version: '10.0', java.version: '21.0.5'
Driver info: org.openqa.selenium.chrome.ChromeDriver
Command: [04f415f131ab34e4b23590f6fc791e7f, findElement {value=//ul[@class='menu-nav mt-n1 page-sidebar-menu']//li[@id='lblMenu_SysSettings_Window'], using=xpath}]
Capabilities {acceptInsecureCerts: false, browserName: chrome, browserVersion: 131.0.6778.205, chrome: {chromedriverVersion: 131.0.6778.204 (52183f9e99a..., userDataDir: C:\Users\Prajwal\AppData\Lo...}, fedcm:accounts: true, goog:chromeOptions: {debuggerAddress: localhost:64036}, networkConnectionEnabled: false, pageLoadStrategy: normal, platformName: windows, proxy: Proxy(), se:cdp: ws://localhost:64036/devtoo..., se:cdpVersion: 131.0.6778.205, setWindowRect: true, strictFileInteractability: false, timeouts: {implicit: 0, pageLoad: 300000, script: 30000}, unhandledPromptBehavior: dismiss and notify, webauthn:extension:credBlob: true, webauthn:extension:largeBlob: true, webauthn:extension:minPinLength: true, webauthn:extension:prf: true, webauthn:virtualAuthenticators: true}
Session ID: 04f415f131ab34e4b23590f6fc791e7f

        </td>
      </tr>
  </tbody>
</table>
</div>
          </div>
        </li>
        <li class="test-item"  status="skip" test-id="22"
          author=""
          tag=""
          device="">
          <div class="test-detail">
            <p class="name">TC_TM_003_apply_system_settings_networkSettings_computer_name</p>
            <p class="text-sm">
              <span>1:19:24 pm</span> / <span>00:00:00:000</span>
              <span class="badge skip-bg log float-right">Skip</span>
            </p>
          </div>
          <div class="test-contents d-none">
<div class="detail-head">
<div class="p-v-10">
<div class="info">
<h5 class="test-status text-skip">TC_TM_003_apply_system_settings_networkSettings_computer_name</h5>
<span class='badge badge-success'>12.31.2024 1:19:24 pm</span>
<span class='badge badge-danger'>12.31.2024 1:19:24 pm</span>
<span class='badge badge-default'>00:00:00:000</span>
&middot; <span class='uri-anchor badge badge-default'>#test-id=22</span>
<span title='Skip to the next failed step' class='badge badge-danger pointer float-right ne ml-1'><i class="fa fa-fast-forward"></i></span>
<span title='Collapse all nodes' class='badge badge-default pointer float-right ct ml-1'><i class="fa fa-compress"></i></span>
<span title='Expand all nodes' class='badge badge-default pointer float-right et'><i class="fa fa-expand"></i></span>
</div>
</div>
</div><div class="detail-body mt-4">
<table class="table table-sm">
  <thead><tr><th class="status-col">Status</th><th class="timestamp-col">Timestamp</th><th class="details-col">Details</th></tr></thead>
  <tbody>
      <tr class="event-row">
        <td><span class="badge log info-bg">Info</span></td>
        <td>1:19:24 pm</td>
        <td>
          TC_TM_003_apply_system_settings_networkSettings_computer_name Started Executing
        </td>
      </tr>
      <tr class="event-row">
        <td><span class="badge log skip-bg">Skip</span></td>
        <td>1:19:24 pm</td>
        <td>
          TC_TM_003_apply_system_settings_networkSettings_computer_name Got Skipped 🟡
        </td>
      </tr>
      <tr class="event-row">
        <td><span class="badge log info-bg">Info</span></td>
        <td>1:19:24 pm</td>
        <td>
          java.lang.Throwable: Method com.uem_automation.qa.testcases.TaskManagerTest.TC_TM_003_apply_system_settings_networkSettings_computer_name() on instance com.uem_automation.qa.testcases.TaskManagerTest@12c7a01b depends on not successfully finished methods 
[com.uem_automation.qa.testcases.TaskManagerTest.TC_TM_001_Create_template() on instance com.uem_automation.qa.testcases.TaskManagerTest@12c7a01b]

        </td>
      </tr>
  </tbody>
</table>
</div>
          </div>
        </li>
        <li class="test-item"  status="skip" test-id="23"
          author=""
          tag=""
          device="">
          <div class="test-detail">
            <p class="name">TC_TM_004_apply_system_settings_networkSettings_ethernet_setup</p>
            <p class="text-sm">
              <span>1:19:24 pm</span> / <span>00:00:00:000</span>
              <span class="badge skip-bg log float-right">Skip</span>
            </p>
          </div>
          <div class="test-contents d-none">
<div class="detail-head">
<div class="p-v-10">
<div class="info">
<h5 class="test-status text-skip">TC_TM_004_apply_system_settings_networkSettings_ethernet_setup</h5>
<span class='badge badge-success'>12.31.2024 1:19:24 pm</span>
<span class='badge badge-danger'>12.31.2024 1:19:24 pm</span>
<span class='badge badge-default'>00:00:00:000</span>
&middot; <span class='uri-anchor badge badge-default'>#test-id=23</span>
<span title='Skip to the next failed step' class='badge badge-danger pointer float-right ne ml-1'><i class="fa fa-fast-forward"></i></span>
<span title='Collapse all nodes' class='badge badge-default pointer float-right ct ml-1'><i class="fa fa-compress"></i></span>
<span title='Expand all nodes' class='badge badge-default pointer float-right et'><i class="fa fa-expand"></i></span>
</div>
</div>
</div><div class="detail-body mt-4">
<table class="table table-sm">
  <thead><tr><th class="status-col">Status</th><th class="timestamp-col">Timestamp</th><th class="details-col">Details</th></tr></thead>
  <tbody>
      <tr class="event-row">
        <td><span class="badge log info-bg">Info</span></td>
        <td>1:19:24 pm</td>
        <td>
          TC_TM_004_apply_system_settings_networkSettings_ethernet_setup Started Executing
        </td>
      </tr>
      <tr class="event-row">
        <td><span class="badge log skip-bg">Skip</span></td>
        <td>1:19:24 pm</td>
        <td>
          TC_TM_004_apply_system_settings_networkSettings_ethernet_setup Got Skipped 🟡
        </td>
      </tr>
      <tr class="event-row">
        <td><span class="badge log info-bg">Info</span></td>
        <td>1:19:24 pm</td>
        <td>
          java.lang.Throwable: Method com.uem_automation.qa.testcases.TaskManagerTest.TC_TM_004_apply_system_settings_networkSettings_ethernet_setup() on instance com.uem_automation.qa.testcases.TaskManagerTest@12c7a01b depends on not successfully finished methods 
[com.uem_automation.qa.testcases.TaskManagerTest.TC_TM_001_Create_template() on instance com.uem_automation.qa.testcases.TaskManagerTest@12c7a01b]

        </td>
      </tr>
  </tbody>
</table>
</div>
          </div>
        </li>
        <li class="test-item"  status="skip" test-id="24"
          author=""
          tag=""
          device="">
          <div class="test-detail">
            <p class="name">TC_TM_005_apply_system_settings_networkSettings_wireless_properties</p>
            <p class="text-sm">
              <span>1:19:24 pm</span> / <span>00:00:00:000</span>
              <span class="badge skip-bg log float-right">Skip</span>
            </p>
          </div>
          <div class="test-contents d-none">
<div class="detail-head">
<div class="p-v-10">
<div class="info">
<h5 class="test-status text-skip">TC_TM_005_apply_system_settings_networkSettings_wireless_properties</h5>
<span class='badge badge-success'>12.31.2024 1:19:24 pm</span>
<span class='badge badge-danger'>12.31.2024 1:19:24 pm</span>
<span class='badge badge-default'>00:00:00:000</span>
&middot; <span class='uri-anchor badge badge-default'>#test-id=24</span>
<span title='Skip to the next failed step' class='badge badge-danger pointer float-right ne ml-1'><i class="fa fa-fast-forward"></i></span>
<span title='Collapse all nodes' class='badge badge-default pointer float-right ct ml-1'><i class="fa fa-compress"></i></span>
<span title='Expand all nodes' class='badge badge-default pointer float-right et'><i class="fa fa-expand"></i></span>
</div>
</div>
</div><div class="detail-body mt-4">
<table class="table table-sm">
  <thead><tr><th class="status-col">Status</th><th class="timestamp-col">Timestamp</th><th class="details-col">Details</th></tr></thead>
  <tbody>
      <tr class="event-row">
        <td><span class="badge log info-bg">Info</span></td>
        <td>1:19:24 pm</td>
        <td>
          TC_TM_005_apply_system_settings_networkSettings_wireless_properties Started Executing
        </td>
      </tr>
      <tr class="event-row">
        <td><span class="badge log skip-bg">Skip</span></td>
        <td>1:19:24 pm</td>
        <td>
          TC_TM_005_apply_system_settings_networkSettings_wireless_properties Got Skipped 🟡
        </td>
      </tr>
      <tr class="event-row">
        <td><span class="badge log info-bg">Info</span></td>
        <td>1:19:24 pm</td>
        <td>
          java.lang.Throwable: Method com.uem_automation.qa.testcases.TaskManagerTest.TC_TM_005_apply_system_settings_networkSettings_wireless_properties() on instance com.uem_automation.qa.testcases.TaskManagerTest@12c7a01b depends on not successfully finished methods 
[com.uem_automation.qa.testcases.TaskManagerTest.TC_TM_001_Create_template() on instance com.uem_automation.qa.testcases.TaskManagerTest@12c7a01b]

        </td>
      </tr>
  </tbody>
</table>
</div>
          </div>
        </li>
        <li class="test-item"  status="skip" test-id="25"
          author=""
          tag=""
          device="">
          <div class="test-detail">
            <p class="name">TC_TM_006_apply_system_settings_networkSettings_wireless_setup</p>
            <p class="text-sm">
              <span>1:19:24 pm</span> / <span>00:00:00:000</span>
              <span class="badge skip-bg log float-right">Skip</span>
            </p>
          </div>
          <div class="test-contents d-none">
<div class="detail-head">
<div class="p-v-10">
<div class="info">
<h5 class="test-status text-skip">TC_TM_006_apply_system_settings_networkSettings_wireless_setup</h5>
<span class='badge badge-success'>12.31.2024 1:19:24 pm</span>
<span class='badge badge-danger'>12.31.2024 1:19:24 pm</span>
<span class='badge badge-default'>00:00:00:000</span>
&middot; <span class='uri-anchor badge badge-default'>#test-id=25</span>
<span title='Skip to the next failed step' class='badge badge-danger pointer float-right ne ml-1'><i class="fa fa-fast-forward"></i></span>
<span title='Collapse all nodes' class='badge badge-default pointer float-right ct ml-1'><i class="fa fa-compress"></i></span>
<span title='Expand all nodes' class='badge badge-default pointer float-right et'><i class="fa fa-expand"></i></span>
</div>
</div>
</div><div class="detail-body mt-4">
<table class="table table-sm">
  <thead><tr><th class="status-col">Status</th><th class="timestamp-col">Timestamp</th><th class="details-col">Details</th></tr></thead>
  <tbody>
      <tr class="event-row">
        <td><span class="badge log info-bg">Info</span></td>
        <td>1:19:24 pm</td>
        <td>
          TC_TM_006_apply_system_settings_networkSettings_wireless_setup Started Executing
        </td>
      </tr>
      <tr class="event-row">
        <td><span class="badge log skip-bg">Skip</span></td>
        <td>1:19:24 pm</td>
        <td>
          TC_TM_006_apply_system_settings_networkSettings_wireless_setup Got Skipped 🟡
        </td>
      </tr>
      <tr class="event-row">
        <td><span class="badge log info-bg">Info</span></td>
        <td>1:19:24 pm</td>
        <td>
          java.lang.Throwable: Method com.uem_automation.qa.testcases.TaskManagerTest.TC_TM_006_apply_system_settings_networkSettings_wireless_setup() on instance com.uem_automation.qa.testcases.TaskManagerTest@12c7a01b depends on not successfully finished methods 
[com.uem_automation.qa.testcases.TaskManagerTest.TC_TM_001_Create_template() on instance com.uem_automation.qa.testcases.TaskManagerTest@12c7a01b]

        </td>
      </tr>
  </tbody>
</table>
</div>
          </div>
        </li>
        <li class="test-item"  status="skip" test-id="26"
          author=""
          tag=""
          device="">
          <div class="test-detail">
            <p class="name">TC_TM_007_apply_system_settings_peripheralSettings_display_settings</p>
            <p class="text-sm">
              <span>1:19:24 pm</span> / <span>00:00:00:000</span>
              <span class="badge skip-bg log float-right">Skip</span>
            </p>
          </div>
          <div class="test-contents d-none">
<div class="detail-head">
<div class="p-v-10">
<div class="info">
<h5 class="test-status text-skip">TC_TM_007_apply_system_settings_peripheralSettings_display_settings</h5>
<span class='badge badge-success'>12.31.2024 1:19:24 pm</span>
<span class='badge badge-danger'>12.31.2024 1:19:24 pm</span>
<span class='badge badge-default'>00:00:00:000</span>
&middot; <span class='uri-anchor badge badge-default'>#test-id=26</span>
<span title='Skip to the next failed step' class='badge badge-danger pointer float-right ne ml-1'><i class="fa fa-fast-forward"></i></span>
<span title='Collapse all nodes' class='badge badge-default pointer float-right ct ml-1'><i class="fa fa-compress"></i></span>
<span title='Expand all nodes' class='badge badge-default pointer float-right et'><i class="fa fa-expand"></i></span>
</div>
</div>
</div><div class="detail-body mt-4">
<table class="table table-sm">
  <thead><tr><th class="status-col">Status</th><th class="timestamp-col">Timestamp</th><th class="details-col">Details</th></tr></thead>
  <tbody>
      <tr class="event-row">
        <td><span class="badge log info-bg">Info</span></td>
        <td>1:19:24 pm</td>
        <td>
          TC_TM_007_apply_system_settings_peripheralSettings_display_settings Started Executing
        </td>
      </tr>
      <tr class="event-row">
        <td><span class="badge log skip-bg">Skip</span></td>
        <td>1:19:24 pm</td>
        <td>
          TC_TM_007_apply_system_settings_peripheralSettings_display_settings Got Skipped 🟡
        </td>
      </tr>
      <tr class="event-row">
        <td><span class="badge log info-bg">Info</span></td>
        <td>1:19:24 pm</td>
        <td>
          java.lang.Throwable: Method com.uem_automation.qa.testcases.TaskManagerTest.TC_TM_007_apply_system_settings_peripheralSettings_display_settings() on instance com.uem_automation.qa.testcases.TaskManagerTest@12c7a01b depends on not successfully finished methods 
[com.uem_automation.qa.testcases.TaskManagerTest.TC_TM_001_Create_template() on instance com.uem_automation.qa.testcases.TaskManagerTest@12c7a01b]

        </td>
      </tr>
  </tbody>
</table>
</div>
          </div>
        </li>
        <li class="test-item"  status="skip" test-id="27"
          author=""
          tag=""
          device="">
          <div class="test-detail">
            <p class="name">TC_TM_008_apply_system_settings_peripheralSettings_keyboard_settings</p>
            <p class="text-sm">
              <span>1:19:24 pm</span> / <span>00:00:00:000</span>
              <span class="badge skip-bg log float-right">Skip</span>
            </p>
          </div>
          <div class="test-contents d-none">
<div class="detail-head">
<div class="p-v-10">
<div class="info">
<h5 class="test-status text-skip">TC_TM_008_apply_system_settings_peripheralSettings_keyboard_settings</h5>
<span class='badge badge-success'>12.31.2024 1:19:24 pm</span>
<span class='badge badge-danger'>12.31.2024 1:19:24 pm</span>
<span class='badge badge-default'>00:00:00:000</span>
&middot; <span class='uri-anchor badge badge-default'>#test-id=27</span>
<span title='Skip to the next failed step' class='badge badge-danger pointer float-right ne ml-1'><i class="fa fa-fast-forward"></i></span>
<span title='Collapse all nodes' class='badge badge-default pointer float-right ct ml-1'><i class="fa fa-compress"></i></span>
<span title='Expand all nodes' class='badge badge-default pointer float-right et'><i class="fa fa-expand"></i></span>
</div>
</div>
</div><div class="detail-body mt-4">
<table class="table table-sm">
  <thead><tr><th class="status-col">Status</th><th class="timestamp-col">Timestamp</th><th class="details-col">Details</th></tr></thead>
  <tbody>
      <tr class="event-row">
        <td><span class="badge log info-bg">Info</span></td>
        <td>1:19:24 pm</td>
        <td>
          TC_TM_008_apply_system_settings_peripheralSettings_keyboard_settings Started Executing
        </td>
      </tr>
      <tr class="event-row">
        <td><span class="badge log skip-bg">Skip</span></td>
        <td>1:19:24 pm</td>
        <td>
          TC_TM_008_apply_system_settings_peripheralSettings_keyboard_settings Got Skipped 🟡
        </td>
      </tr>
      <tr class="event-row">
        <td><span class="badge log info-bg">Info</span></td>
        <td>1:19:24 pm</td>
        <td>
          java.lang.Throwable: Method com.uem_automation.qa.testcases.TaskManagerTest.TC_TM_008_apply_system_settings_peripheralSettings_keyboard_settings() on instance com.uem_automation.qa.testcases.TaskManagerTest@12c7a01b depends on not successfully finished methods 
[com.uem_automation.qa.testcases.TaskManagerTest.TC_TM_001_Create_template() on instance com.uem_automation.qa.testcases.TaskManagerTest@12c7a01b]

        </td>
      </tr>
  </tbody>
</table>
</div>
          </div>
        </li>
        <li class="test-item"  status="skip" test-id="28"
          author=""
          tag=""
          device="">
          <div class="test-detail">
            <p class="name">TC_TM_009_apply_system_settings_peripheralSettings_mouse_settings</p>
            <p class="text-sm">
              <span>1:19:24 pm</span> / <span>00:00:00:000</span>
              <span class="badge skip-bg log float-right">Skip</span>
            </p>
          </div>
          <div class="test-contents d-none">
<div class="detail-head">
<div class="p-v-10">
<div class="info">
<h5 class="test-status text-skip">TC_TM_009_apply_system_settings_peripheralSettings_mouse_settings</h5>
<span class='badge badge-success'>12.31.2024 1:19:24 pm</span>
<span class='badge badge-danger'>12.31.2024 1:19:24 pm</span>
<span class='badge badge-default'>00:00:00:000</span>
&middot; <span class='uri-anchor badge badge-default'>#test-id=28</span>
<span title='Skip to the next failed step' class='badge badge-danger pointer float-right ne ml-1'><i class="fa fa-fast-forward"></i></span>
<span title='Collapse all nodes' class='badge badge-default pointer float-right ct ml-1'><i class="fa fa-compress"></i></span>
<span title='Expand all nodes' class='badge badge-default pointer float-right et'><i class="fa fa-expand"></i></span>
</div>
</div>
</div><div class="detail-body mt-4">
<table class="table table-sm">
  <thead><tr><th class="status-col">Status</th><th class="timestamp-col">Timestamp</th><th class="details-col">Details</th></tr></thead>
  <tbody>
      <tr class="event-row">
        <td><span class="badge log info-bg">Info</span></td>
        <td>1:19:24 pm</td>
        <td>
          TC_TM_009_apply_system_settings_peripheralSettings_mouse_settings Started Executing
        </td>
      </tr>
      <tr class="event-row">
        <td><span class="badge log skip-bg">Skip</span></td>
        <td>1:19:24 pm</td>
        <td>
          TC_TM_009_apply_system_settings_peripheralSettings_mouse_settings Got Skipped 🟡
        </td>
      </tr>
      <tr class="event-row">
        <td><span class="badge log info-bg">Info</span></td>
        <td>1:19:24 pm</td>
        <td>
          java.lang.Throwable: Method com.uem_automation.qa.testcases.TaskManagerTest.TC_TM_009_apply_system_settings_peripheralSettings_mouse_settings() on instance com.uem_automation.qa.testcases.TaskManagerTest@12c7a01b depends on not successfully finished methods 
[com.uem_automation.qa.testcases.TaskManagerTest.TC_TM_001_Create_template() on instance com.uem_automation.qa.testcases.TaskManagerTest@12c7a01b]

        </td>
      </tr>
  </tbody>
</table>
</div>
          </div>
        </li>
        <li class="test-item"  status="skip" test-id="29"
          author=""
          tag=""
          device="">
          <div class="test-detail">
            <p class="name">TC_TM_010_apply_system_settings_powerManagement_power_option</p>
            <p class="text-sm">
              <span>1:19:24 pm</span> / <span>00:00:00:000</span>
              <span class="badge skip-bg log float-right">Skip</span>
            </p>
          </div>
          <div class="test-contents d-none">
<div class="detail-head">
<div class="p-v-10">
<div class="info">
<h5 class="test-status text-skip">TC_TM_010_apply_system_settings_powerManagement_power_option</h5>
<span class='badge badge-success'>12.31.2024 1:19:24 pm</span>
<span class='badge badge-danger'>12.31.2024 1:19:24 pm</span>
<span class='badge badge-default'>00:00:00:000</span>
&middot; <span class='uri-anchor badge badge-default'>#test-id=29</span>
<span title='Skip to the next failed step' class='badge badge-danger pointer float-right ne ml-1'><i class="fa fa-fast-forward"></i></span>
<span title='Collapse all nodes' class='badge badge-default pointer float-right ct ml-1'><i class="fa fa-compress"></i></span>
<span title='Expand all nodes' class='badge badge-default pointer float-right et'><i class="fa fa-expand"></i></span>
</div>
</div>
</div><div class="detail-body mt-4">
<table class="table table-sm">
  <thead><tr><th class="status-col">Status</th><th class="timestamp-col">Timestamp</th><th class="details-col">Details</th></tr></thead>
  <tbody>
      <tr class="event-row">
        <td><span class="badge log info-bg">Info</span></td>
        <td>1:19:24 pm</td>
        <td>
          TC_TM_010_apply_system_settings_powerManagement_power_option Started Executing
        </td>
      </tr>
      <tr class="event-row">
        <td><span class="badge log skip-bg">Skip</span></td>
        <td>1:19:24 pm</td>
        <td>
          TC_TM_010_apply_system_settings_powerManagement_power_option Got Skipped 🟡
        </td>
      </tr>
      <tr class="event-row">
        <td><span class="badge log info-bg">Info</span></td>
        <td>1:19:24 pm</td>
        <td>
          java.lang.Throwable: Method com.uem_automation.qa.testcases.TaskManagerTest.TC_TM_010_apply_system_settings_powerManagement_power_option() on instance com.uem_automation.qa.testcases.TaskManagerTest@12c7a01b depends on not successfully finished methods 
[com.uem_automation.qa.testcases.TaskManagerTest.TC_TM_001_Create_template() on instance com.uem_automation.qa.testcases.TaskManagerTest@12c7a01b]

        </td>
      </tr>
  </tbody>
</table>
</div>
          </div>
        </li>
        <li class="test-item"  status="fail" test-id="30"
          author=""
          tag=""
          device="">
          <div class="test-detail">
            <p class="name">TC_TM_011_apply_system_settings_printerSettings_add_printer</p>
            <p class="text-sm">
              <span>1:19:24 pm</span> / <span>00:00:10:287</span>
              <span class="badge fail-bg log float-right">Fail</span>
            </p>
          </div>
          <div class="test-contents d-none">
<div class="detail-head">
<div class="p-v-10">
<div class="info">
<h5 class="test-status text-fail">TC_TM_011_apply_system_settings_printerSettings_add_printer</h5>
<span class='badge badge-success'>12.31.2024 1:19:24 pm</span>
<span class='badge badge-danger'>12.31.2024 1:19:34 pm</span>
<span class='badge badge-default'>00:00:10:287</span>
&middot; <span class='uri-anchor badge badge-default'>#test-id=30</span>
<span title='Skip to the next failed step' class='badge badge-danger pointer float-right ne ml-1'><i class="fa fa-fast-forward"></i></span>
<span title='Collapse all nodes' class='badge badge-default pointer float-right ct ml-1'><i class="fa fa-compress"></i></span>
<span title='Expand all nodes' class='badge badge-default pointer float-right et'><i class="fa fa-expand"></i></span>
</div>
</div>
</div>    <div class="row mb-3"><div class="col-md-3">
    

<img data-featherlight='C:\Users\Prajwal\OneDrive - CYBERCORP LIMITED\Projects\intellij-workspace\UEM_AUTOAMATION_V3\Screenshots\TC_TM_011_apply_system_settings_printerSettings_add_printer.png' src="C:\Users\Prajwal\OneDrive - CYBERCORP LIMITED\Projects\intellij-workspace\UEM_AUTOAMATION_V3\Screenshots\TC_TM_011_apply_system_settings_printerSettings_add_printer.png">
  
    

    </div></div>
<div class="detail-body mt-4">
<table class="table table-sm">
  <thead><tr><th class="status-col">Status</th><th class="timestamp-col">Timestamp</th><th class="details-col">Details</th></tr></thead>
  <tbody>
      <tr class="event-row">
        <td><span class="badge log info-bg">Info</span></td>
        <td>1:19:24 pm</td>
        <td>
          TC_TM_011_apply_system_settings_printerSettings_add_printer Started Executing
        </td>
      </tr>
      <tr class="event-row">
        <td><span class="badge log fail-bg">Fail</span></td>
        <td>1:19:34 pm</td>
        <td>
          TC_TM_011_apply_system_settings_printerSettings_add_printer Got Failed ❌
        </td>
      </tr>
      <tr class="event-row">
        <td><span class="badge log info-bg">Info</span></td>
        <td>1:19:34 pm</td>
        <td>
          org.openqa.selenium.NoSuchElementException: no such element: Unable to locate element: {"method":"xpath","selector":"//ul[@class='menu-nav mt-n1 page-sidebar-menu']//li[@id='lblMenu_SysSettings_Window']"}
  (Session info: chrome=131.0.6778.205)
For documentation on this error, please visit: https://www.selenium.dev/documentation/webdriver/troubleshooting/errors#no-such-element-exception
Build info: version: '4.26.0', revision: '8ccf0219d7'
System info: os.name: 'Windows 11', os.arch: 'amd64', os.version: '10.0', java.version: '21.0.5'
Driver info: org.openqa.selenium.chrome.ChromeDriver
Command: [04f415f131ab34e4b23590f6fc791e7f, findElement {value=//ul[@class='menu-nav mt-n1 page-sidebar-menu']//li[@id='lblMenu_SysSettings_Window'], using=xpath}]
Capabilities {acceptInsecureCerts: false, browserName: chrome, browserVersion: 131.0.6778.205, chrome: {chromedriverVersion: 131.0.6778.204 (52183f9e99a..., userDataDir: C:\Users\Prajwal\AppData\Lo...}, fedcm:accounts: true, goog:chromeOptions: {debuggerAddress: localhost:64036}, networkConnectionEnabled: false, pageLoadStrategy: normal, platformName: windows, proxy: Proxy(), se:cdp: ws://localhost:64036/devtoo..., se:cdpVersion: 131.0.6778.205, setWindowRect: true, strictFileInteractability: false, timeouts: {implicit: 0, pageLoad: 300000, script: 30000}, unhandledPromptBehavior: dismiss and notify, webauthn:extension:credBlob: true, webauthn:extension:largeBlob: true, webauthn:extension:minPinLength: true, webauthn:extension:prf: true, webauthn:virtualAuthenticators: true}
Session ID: 04f415f131ab34e4b23590f6fc791e7f

        </td>
      </tr>
  </tbody>
</table>
</div>
          </div>
        </li>
        <li class="test-item"  status="fail" test-id="31"
          author=""
          tag=""
          device="">
          <div class="test-detail">
            <p class="name">TC_TM_011_apply_system_settings_printerSettings_add_printer</p>
            <p class="text-sm">
              <span>1:19:34 pm</span> / <span>00:00:10:357</span>
              <span class="badge fail-bg log float-right">Fail</span>
            </p>
          </div>
          <div class="test-contents d-none">
<div class="detail-head">
<div class="p-v-10">
<div class="info">
<h5 class="test-status text-fail">TC_TM_011_apply_system_settings_printerSettings_add_printer</h5>
<span class='badge badge-success'>12.31.2024 1:19:34 pm</span>
<span class='badge badge-danger'>12.31.2024 1:19:45 pm</span>
<span class='badge badge-default'>00:00:10:357</span>
&middot; <span class='uri-anchor badge badge-default'>#test-id=31</span>
<span title='Skip to the next failed step' class='badge badge-danger pointer float-right ne ml-1'><i class="fa fa-fast-forward"></i></span>
<span title='Collapse all nodes' class='badge badge-default pointer float-right ct ml-1'><i class="fa fa-compress"></i></span>
<span title='Expand all nodes' class='badge badge-default pointer float-right et'><i class="fa fa-expand"></i></span>
</div>
</div>
</div>    <div class="row mb-3"><div class="col-md-3">
    

<img data-featherlight='C:\Users\Prajwal\OneDrive - CYBERCORP LIMITED\Projects\intellij-workspace\UEM_AUTOAMATION_V3\Screenshots\TC_TM_011_apply_system_settings_printerSettings_add_printer.png' src="C:\Users\Prajwal\OneDrive - CYBERCORP LIMITED\Projects\intellij-workspace\UEM_AUTOAMATION_V3\Screenshots\TC_TM_011_apply_system_settings_printerSettings_add_printer.png">
  
    

    </div></div>
<div class="detail-body mt-4">
<table class="table table-sm">
  <thead><tr><th class="status-col">Status</th><th class="timestamp-col">Timestamp</th><th class="details-col">Details</th></tr></thead>
  <tbody>
      <tr class="event-row">
        <td><span class="badge log info-bg">Info</span></td>
        <td>1:19:34 pm</td>
        <td>
          TC_TM_011_apply_system_settings_printerSettings_add_printer Started Executing
        </td>
      </tr>
      <tr class="event-row">
        <td><span class="badge log fail-bg">Fail</span></td>
        <td>1:19:45 pm</td>
        <td>
          TC_TM_011_apply_system_settings_printerSettings_add_printer Got Failed ❌
        </td>
      </tr>
      <tr class="event-row">
        <td><span class="badge log info-bg">Info</span></td>
        <td>1:19:45 pm</td>
        <td>
          org.openqa.selenium.NoSuchElementException: no such element: Unable to locate element: {"method":"xpath","selector":"//ul[@class='menu-nav mt-n1 page-sidebar-menu']//li[@id='lblMenu_SysSettings_Window']"}
  (Session info: chrome=131.0.6778.205)
For documentation on this error, please visit: https://www.selenium.dev/documentation/webdriver/troubleshooting/errors#no-such-element-exception
Build info: version: '4.26.0', revision: '8ccf0219d7'
System info: os.name: 'Windows 11', os.arch: 'amd64', os.version: '10.0', java.version: '21.0.5'
Driver info: org.openqa.selenium.chrome.ChromeDriver
Command: [04f415f131ab34e4b23590f6fc791e7f, findElement {value=//ul[@class='menu-nav mt-n1 page-sidebar-menu']//li[@id='lblMenu_SysSettings_Window'], using=xpath}]
Capabilities {acceptInsecureCerts: false, browserName: chrome, browserVersion: 131.0.6778.205, chrome: {chromedriverVersion: 131.0.6778.204 (52183f9e99a..., userDataDir: C:\Users\Prajwal\AppData\Lo...}, fedcm:accounts: true, goog:chromeOptions: {debuggerAddress: localhost:64036}, networkConnectionEnabled: false, pageLoadStrategy: normal, platformName: windows, proxy: Proxy(), se:cdp: ws://localhost:64036/devtoo..., se:cdpVersion: 131.0.6778.205, setWindowRect: true, strictFileInteractability: false, timeouts: {implicit: 0, pageLoad: 300000, script: 30000}, unhandledPromptBehavior: dismiss and notify, webauthn:extension:credBlob: true, webauthn:extension:largeBlob: true, webauthn:extension:minPinLength: true, webauthn:extension:prf: true, webauthn:virtualAuthenticators: true}
Session ID: 04f415f131ab34e4b23590f6fc791e7f

        </td>
      </tr>
  </tbody>
</table>
</div>
          </div>
        </li>
        <li class="test-item"  status="fail" test-id="32"
          author=""
          tag=""
          device="">
          <div class="test-detail">
            <p class="name">TC_TM_011_apply_system_settings_printerSettings_add_printer</p>
            <p class="text-sm">
              <span>1:19:45 pm</span> / <span>00:00:10:337</span>
              <span class="badge fail-bg log float-right">Fail</span>
            </p>
          </div>
          <div class="test-contents d-none">
<div class="detail-head">
<div class="p-v-10">
<div class="info">
<h5 class="test-status text-fail">TC_TM_011_apply_system_settings_printerSettings_add_printer</h5>
<span class='badge badge-success'>12.31.2024 1:19:45 pm</span>
<span class='badge badge-danger'>12.31.2024 1:19:55 pm</span>
<span class='badge badge-default'>00:00:10:337</span>
&middot; <span class='uri-anchor badge badge-default'>#test-id=32</span>
<span title='Skip to the next failed step' class='badge badge-danger pointer float-right ne ml-1'><i class="fa fa-fast-forward"></i></span>
<span title='Collapse all nodes' class='badge badge-default pointer float-right ct ml-1'><i class="fa fa-compress"></i></span>
<span title='Expand all nodes' class='badge badge-default pointer float-right et'><i class="fa fa-expand"></i></span>
</div>
</div>
</div>    <div class="row mb-3"><div class="col-md-3">
    

<img data-featherlight='C:\Users\Prajwal\OneDrive - CYBERCORP LIMITED\Projects\intellij-workspace\UEM_AUTOAMATION_V3\Screenshots\TC_TM_011_apply_system_settings_printerSettings_add_printer.png' src="C:\Users\Prajwal\OneDrive - CYBERCORP LIMITED\Projects\intellij-workspace\UEM_AUTOAMATION_V3\Screenshots\TC_TM_011_apply_system_settings_printerSettings_add_printer.png">
  
    

    </div></div>
<div class="detail-body mt-4">
<table class="table table-sm">
  <thead><tr><th class="status-col">Status</th><th class="timestamp-col">Timestamp</th><th class="details-col">Details</th></tr></thead>
  <tbody>
      <tr class="event-row">
        <td><span class="badge log info-bg">Info</span></td>
        <td>1:19:45 pm</td>
        <td>
          TC_TM_011_apply_system_settings_printerSettings_add_printer Started Executing
        </td>
      </tr>
      <tr class="event-row">
        <td><span class="badge log fail-bg">Fail</span></td>
        <td>1:19:55 pm</td>
        <td>
          TC_TM_011_apply_system_settings_printerSettings_add_printer Got Failed ❌
        </td>
      </tr>
      <tr class="event-row">
        <td><span class="badge log info-bg">Info</span></td>
        <td>1:19:55 pm</td>
        <td>
          org.openqa.selenium.NoSuchElementException: no such element: Unable to locate element: {"method":"xpath","selector":"//ul[@class='menu-nav mt-n1 page-sidebar-menu']//li[@id='lblMenu_SysSettings_Window']"}
  (Session info: chrome=131.0.6778.205)
For documentation on this error, please visit: https://www.selenium.dev/documentation/webdriver/troubleshooting/errors#no-such-element-exception
Build info: version: '4.26.0', revision: '8ccf0219d7'
System info: os.name: 'Windows 11', os.arch: 'amd64', os.version: '10.0', java.version: '21.0.5'
Driver info: org.openqa.selenium.chrome.ChromeDriver
Command: [04f415f131ab34e4b23590f6fc791e7f, findElement {value=//ul[@class='menu-nav mt-n1 page-sidebar-menu']//li[@id='lblMenu_SysSettings_Window'], using=xpath}]
Capabilities {acceptInsecureCerts: false, browserName: chrome, browserVersion: 131.0.6778.205, chrome: {chromedriverVersion: 131.0.6778.204 (52183f9e99a..., userDataDir: C:\Users\Prajwal\AppData\Lo...}, fedcm:accounts: true, goog:chromeOptions: {debuggerAddress: localhost:64036}, networkConnectionEnabled: false, pageLoadStrategy: normal, platformName: windows, proxy: Proxy(), se:cdp: ws://localhost:64036/devtoo..., se:cdpVersion: 131.0.6778.205, setWindowRect: true, strictFileInteractability: false, timeouts: {implicit: 0, pageLoad: 300000, script: 30000}, unhandledPromptBehavior: dismiss and notify, webauthn:extension:credBlob: true, webauthn:extension:largeBlob: true, webauthn:extension:minPinLength: true, webauthn:extension:prf: true, webauthn:virtualAuthenticators: true}
Session ID: 04f415f131ab34e4b23590f6fc791e7f

        </td>
      </tr>
  </tbody>
</table>
</div>
          </div>
        </li>
        <li class="test-item"  status="fail" test-id="33"
          author=""
          tag=""
          device="">
          <div class="test-detail">
            <p class="name">TC_TM_011_apply_system_settings_printerSettings_add_printer</p>
            <p class="text-sm">
              <span>1:19:55 pm</span> / <span>00:00:10:348</span>
              <span class="badge fail-bg log float-right">Fail</span>
            </p>
          </div>
          <div class="test-contents d-none">
<div class="detail-head">
<div class="p-v-10">
<div class="info">
<h5 class="test-status text-fail">TC_TM_011_apply_system_settings_printerSettings_add_printer</h5>
<span class='badge badge-success'>12.31.2024 1:19:55 pm</span>
<span class='badge badge-danger'>12.31.2024 1:20:05 pm</span>
<span class='badge badge-default'>00:00:10:348</span>
&middot; <span class='uri-anchor badge badge-default'>#test-id=33</span>
<span title='Skip to the next failed step' class='badge badge-danger pointer float-right ne ml-1'><i class="fa fa-fast-forward"></i></span>
<span title='Collapse all nodes' class='badge badge-default pointer float-right ct ml-1'><i class="fa fa-compress"></i></span>
<span title='Expand all nodes' class='badge badge-default pointer float-right et'><i class="fa fa-expand"></i></span>
</div>
</div>
</div>    <div class="row mb-3"><div class="col-md-3">
    

<img data-featherlight='C:\Users\Prajwal\OneDrive - CYBERCORP LIMITED\Projects\intellij-workspace\UEM_AUTOAMATION_V3\Screenshots\TC_TM_011_apply_system_settings_printerSettings_add_printer.png' src="C:\Users\Prajwal\OneDrive - CYBERCORP LIMITED\Projects\intellij-workspace\UEM_AUTOAMATION_V3\Screenshots\TC_TM_011_apply_system_settings_printerSettings_add_printer.png">
  
    

    </div></div>
<div class="detail-body mt-4">
<table class="table table-sm">
  <thead><tr><th class="status-col">Status</th><th class="timestamp-col">Timestamp</th><th class="details-col">Details</th></tr></thead>
  <tbody>
      <tr class="event-row">
        <td><span class="badge log info-bg">Info</span></td>
        <td>1:19:55 pm</td>
        <td>
          TC_TM_011_apply_system_settings_printerSettings_add_printer Started Executing
        </td>
      </tr>
      <tr class="event-row">
        <td><span class="badge log fail-bg">Fail</span></td>
        <td>1:20:05 pm</td>
        <td>
          TC_TM_011_apply_system_settings_printerSettings_add_printer Got Failed ❌
        </td>
      </tr>
      <tr class="event-row">
        <td><span class="badge log info-bg">Info</span></td>
        <td>1:20:05 pm</td>
        <td>
          org.openqa.selenium.NoSuchElementException: no such element: Unable to locate element: {"method":"xpath","selector":"//ul[@class='menu-nav mt-n1 page-sidebar-menu']//li[@id='lblMenu_SysSettings_Window']"}
  (Session info: chrome=131.0.6778.205)
For documentation on this error, please visit: https://www.selenium.dev/documentation/webdriver/troubleshooting/errors#no-such-element-exception
Build info: version: '4.26.0', revision: '8ccf0219d7'
System info: os.name: 'Windows 11', os.arch: 'amd64', os.version: '10.0', java.version: '21.0.5'
Driver info: org.openqa.selenium.chrome.ChromeDriver
Command: [04f415f131ab34e4b23590f6fc791e7f, findElement {value=//ul[@class='menu-nav mt-n1 page-sidebar-menu']//li[@id='lblMenu_SysSettings_Window'], using=xpath}]
Capabilities {acceptInsecureCerts: false, browserName: chrome, browserVersion: 131.0.6778.205, chrome: {chromedriverVersion: 131.0.6778.204 (52183f9e99a..., userDataDir: C:\Users\Prajwal\AppData\Lo...}, fedcm:accounts: true, goog:chromeOptions: {debuggerAddress: localhost:64036}, networkConnectionEnabled: false, pageLoadStrategy: normal, platformName: windows, proxy: Proxy(), se:cdp: ws://localhost:64036/devtoo..., se:cdpVersion: 131.0.6778.205, setWindowRect: true, strictFileInteractability: false, timeouts: {implicit: 0, pageLoad: 300000, script: 30000}, unhandledPromptBehavior: dismiss and notify, webauthn:extension:credBlob: true, webauthn:extension:largeBlob: true, webauthn:extension:minPinLength: true, webauthn:extension:prf: true, webauthn:virtualAuthenticators: true}
Session ID: 04f415f131ab34e4b23590f6fc791e7f

        </td>
      </tr>
  </tbody>
</table>
</div>
          </div>
        </li>
        <li class="test-item"  status="fail" test-id="34"
          author=""
          tag=""
          device="">
          <div class="test-detail">
            <p class="name">TC_TM_011_apply_system_settings_printerSettings_add_printer</p>
            <p class="text-sm">
              <span>1:20:05 pm</span> / <span>00:00:10:296</span>
              <span class="badge fail-bg log float-right">Fail</span>
            </p>
          </div>
          <div class="test-contents d-none">
<div class="detail-head">
<div class="p-v-10">
<div class="info">
<h5 class="test-status text-fail">TC_TM_011_apply_system_settings_printerSettings_add_printer</h5>
<span class='badge badge-success'>12.31.2024 1:20:05 pm</span>
<span class='badge badge-danger'>12.31.2024 1:20:16 pm</span>
<span class='badge badge-default'>00:00:10:296</span>
&middot; <span class='uri-anchor badge badge-default'>#test-id=34</span>
<span title='Skip to the next failed step' class='badge badge-danger pointer float-right ne ml-1'><i class="fa fa-fast-forward"></i></span>
<span title='Collapse all nodes' class='badge badge-default pointer float-right ct ml-1'><i class="fa fa-compress"></i></span>
<span title='Expand all nodes' class='badge badge-default pointer float-right et'><i class="fa fa-expand"></i></span>
</div>
</div>
</div>    <div class="row mb-3"><div class="col-md-3">
    

<img data-featherlight='C:\Users\Prajwal\OneDrive - CYBERCORP LIMITED\Projects\intellij-workspace\UEM_AUTOAMATION_V3\Screenshots\TC_TM_011_apply_system_settings_printerSettings_add_printer.png' src="C:\Users\Prajwal\OneDrive - CYBERCORP LIMITED\Projects\intellij-workspace\UEM_AUTOAMATION_V3\Screenshots\TC_TM_011_apply_system_settings_printerSettings_add_printer.png">
  
    

    </div></div>
<div class="detail-body mt-4">
<table class="table table-sm">
  <thead><tr><th class="status-col">Status</th><th class="timestamp-col">Timestamp</th><th class="details-col">Details</th></tr></thead>
  <tbody>
      <tr class="event-row">
        <td><span class="badge log info-bg">Info</span></td>
        <td>1:20:05 pm</td>
        <td>
          TC_TM_011_apply_system_settings_printerSettings_add_printer Started Executing
        </td>
      </tr>
      <tr class="event-row">
        <td><span class="badge log fail-bg">Fail</span></td>
        <td>1:20:16 pm</td>
        <td>
          TC_TM_011_apply_system_settings_printerSettings_add_printer Got Failed ❌
        </td>
      </tr>
      <tr class="event-row">
        <td><span class="badge log info-bg">Info</span></td>
        <td>1:20:16 pm</td>
        <td>
          org.openqa.selenium.NoSuchElementException: no such element: Unable to locate element: {"method":"xpath","selector":"//ul[@class='menu-nav mt-n1 page-sidebar-menu']//li[@id='lblMenu_SysSettings_Window']"}
  (Session info: chrome=131.0.6778.205)
For documentation on this error, please visit: https://www.selenium.dev/documentation/webdriver/troubleshooting/errors#no-such-element-exception
Build info: version: '4.26.0', revision: '8ccf0219d7'
System info: os.name: 'Windows 11', os.arch: 'amd64', os.version: '10.0', java.version: '21.0.5'
Driver info: org.openqa.selenium.chrome.ChromeDriver
Command: [04f415f131ab34e4b23590f6fc791e7f, findElement {value=//ul[@class='menu-nav mt-n1 page-sidebar-menu']//li[@id='lblMenu_SysSettings_Window'], using=xpath}]
Capabilities {acceptInsecureCerts: false, browserName: chrome, browserVersion: 131.0.6778.205, chrome: {chromedriverVersion: 131.0.6778.204 (52183f9e99a..., userDataDir: C:\Users\Prajwal\AppData\Lo...}, fedcm:accounts: true, goog:chromeOptions: {debuggerAddress: localhost:64036}, networkConnectionEnabled: false, pageLoadStrategy: normal, platformName: windows, proxy: Proxy(), se:cdp: ws://localhost:64036/devtoo..., se:cdpVersion: 131.0.6778.205, setWindowRect: true, strictFileInteractability: false, timeouts: {implicit: 0, pageLoad: 300000, script: 30000}, unhandledPromptBehavior: dismiss and notify, webauthn:extension:credBlob: true, webauthn:extension:largeBlob: true, webauthn:extension:minPinLength: true, webauthn:extension:prf: true, webauthn:virtualAuthenticators: true}
Session ID: 04f415f131ab34e4b23590f6fc791e7f

        </td>
      </tr>
  </tbody>
</table>
</div>
          </div>
        </li>
        <li class="test-item"  status="skip" test-id="35"
          author=""
          tag=""
          device="">
          <div class="test-detail">
            <p class="name">TC_TM_012_apply_system_settings_timeAndLanguage_dateAndTime</p>
            <p class="text-sm">
              <span>1:20:16 pm</span> / <span>00:00:00:000</span>
              <span class="badge skip-bg log float-right">Skip</span>
            </p>
          </div>
          <div class="test-contents d-none">
<div class="detail-head">
<div class="p-v-10">
<div class="info">
<h5 class="test-status text-skip">TC_TM_012_apply_system_settings_timeAndLanguage_dateAndTime</h5>
<span class='badge badge-success'>12.31.2024 1:20:16 pm</span>
<span class='badge badge-danger'>12.31.2024 1:20:16 pm</span>
<span class='badge badge-default'>00:00:00:000</span>
&middot; <span class='uri-anchor badge badge-default'>#test-id=35</span>
<span title='Skip to the next failed step' class='badge badge-danger pointer float-right ne ml-1'><i class="fa fa-fast-forward"></i></span>
<span title='Collapse all nodes' class='badge badge-default pointer float-right ct ml-1'><i class="fa fa-compress"></i></span>
<span title='Expand all nodes' class='badge badge-default pointer float-right et'><i class="fa fa-expand"></i></span>
</div>
</div>
</div><div class="detail-body mt-4">
<table class="table table-sm">
  <thead><tr><th class="status-col">Status</th><th class="timestamp-col">Timestamp</th><th class="details-col">Details</th></tr></thead>
  <tbody>
      <tr class="event-row">
        <td><span class="badge log info-bg">Info</span></td>
        <td>1:20:16 pm</td>
        <td>
          TC_TM_012_apply_system_settings_timeAndLanguage_dateAndTime Started Executing
        </td>
      </tr>
      <tr class="event-row">
        <td><span class="badge log skip-bg">Skip</span></td>
        <td>1:20:16 pm</td>
        <td>
          TC_TM_012_apply_system_settings_timeAndLanguage_dateAndTime Got Skipped 🟡
        </td>
      </tr>
      <tr class="event-row">
        <td><span class="badge log info-bg">Info</span></td>
        <td>1:20:16 pm</td>
        <td>
          java.lang.Throwable: Method com.uem_automation.qa.testcases.TaskManagerTest.TC_TM_012_apply_system_settings_timeAndLanguage_dateAndTime() on instance com.uem_automation.qa.testcases.TaskManagerTest@12c7a01b depends on not successfully finished methods 
[com.uem_automation.qa.testcases.TaskManagerTest.TC_TM_001_Create_template() on instance com.uem_automation.qa.testcases.TaskManagerTest@12c7a01b]

        </td>
      </tr>
  </tbody>
</table>
</div>
          </div>
        </li>
        <li class="test-item"  status="skip" test-id="36"
          author=""
          tag=""
          device="">
          <div class="test-detail">
            <p class="name">TC_TM_013_apply_system_settings_timeAndLanguage_region_and_location</p>
            <p class="text-sm">
              <span>1:20:16 pm</span> / <span>00:00:00:000</span>
              <span class="badge skip-bg log float-right">Skip</span>
            </p>
          </div>
          <div class="test-contents d-none">
<div class="detail-head">
<div class="p-v-10">
<div class="info">
<h5 class="test-status text-skip">TC_TM_013_apply_system_settings_timeAndLanguage_region_and_location</h5>
<span class='badge badge-success'>12.31.2024 1:20:16 pm</span>
<span class='badge badge-danger'>12.31.2024 1:20:16 pm</span>
<span class='badge badge-default'>00:00:00:000</span>
&middot; <span class='uri-anchor badge badge-default'>#test-id=36</span>
<span title='Skip to the next failed step' class='badge badge-danger pointer float-right ne ml-1'><i class="fa fa-fast-forward"></i></span>
<span title='Collapse all nodes' class='badge badge-default pointer float-right ct ml-1'><i class="fa fa-compress"></i></span>
<span title='Expand all nodes' class='badge badge-default pointer float-right et'><i class="fa fa-expand"></i></span>
</div>
</div>
</div><div class="detail-body mt-4">
<table class="table table-sm">
  <thead><tr><th class="status-col">Status</th><th class="timestamp-col">Timestamp</th><th class="details-col">Details</th></tr></thead>
  <tbody>
      <tr class="event-row">
        <td><span class="badge log info-bg">Info</span></td>
        <td>1:20:16 pm</td>
        <td>
          TC_TM_013_apply_system_settings_timeAndLanguage_region_and_location Started Executing
        </td>
      </tr>
      <tr class="event-row">
        <td><span class="badge log skip-bg">Skip</span></td>
        <td>1:20:16 pm</td>
        <td>
          TC_TM_013_apply_system_settings_timeAndLanguage_region_and_location Got Skipped 🟡
        </td>
      </tr>
      <tr class="event-row">
        <td><span class="badge log info-bg">Info</span></td>
        <td>1:20:16 pm</td>
        <td>
          java.lang.Throwable: Method com.uem_automation.qa.testcases.TaskManagerTest.TC_TM_013_apply_system_settings_timeAndLanguage_region_and_location() on instance com.uem_automation.qa.testcases.TaskManagerTest@12c7a01b depends on not successfully finished methods 
[com.uem_automation.qa.testcases.TaskManagerTest.TC_TM_001_Create_template() on instance com.uem_automation.qa.testcases.TaskManagerTest@12c7a01b]

        </td>
      </tr>
  </tbody>
</table>
</div>
          </div>
        </li>
        <li class="test-item"  status="fail" test-id="37"
          author=""
          tag=""
          device="">
          <div class="test-detail">
            <p class="name">TC_TM_014_apply_user_settings</p>
            <p class="text-sm">
              <span>1:20:16 pm</span> / <span>00:00:10:362</span>
              <span class="badge fail-bg log float-right">Fail</span>
            </p>
          </div>
          <div class="test-contents d-none">
<div class="detail-head">
<div class="p-v-10">
<div class="info">
<h5 class="test-status text-fail">TC_TM_014_apply_user_settings</h5>
<span class='badge badge-success'>12.31.2024 1:20:16 pm</span>
<span class='badge badge-danger'>12.31.2024 1:20:26 pm</span>
<span class='badge badge-default'>00:00:10:362</span>
&middot; <span class='uri-anchor badge badge-default'>#test-id=37</span>
<span title='Skip to the next failed step' class='badge badge-danger pointer float-right ne ml-1'><i class="fa fa-fast-forward"></i></span>
<span title='Collapse all nodes' class='badge badge-default pointer float-right ct ml-1'><i class="fa fa-compress"></i></span>
<span title='Expand all nodes' class='badge badge-default pointer float-right et'><i class="fa fa-expand"></i></span>
</div>
</div>
</div>    <div class="row mb-3"><div class="col-md-3">
    

<img data-featherlight='C:\Users\Prajwal\OneDrive - CYBERCORP LIMITED\Projects\intellij-workspace\UEM_AUTOAMATION_V3\Screenshots\TC_TM_014_apply_user_settings.png' src="C:\Users\Prajwal\OneDrive - CYBERCORP LIMITED\Projects\intellij-workspace\UEM_AUTOAMATION_V3\Screenshots\TC_TM_014_apply_user_settings.png">
  
    

    </div></div>
<div class="detail-body mt-4">
<table class="table table-sm">
  <thead><tr><th class="status-col">Status</th><th class="timestamp-col">Timestamp</th><th class="details-col">Details</th></tr></thead>
  <tbody>
      <tr class="event-row">
        <td><span class="badge log info-bg">Info</span></td>
        <td>1:20:16 pm</td>
        <td>
          TC_TM_014_apply_user_settings Started Executing
        </td>
      </tr>
      <tr class="event-row">
        <td><span class="badge log fail-bg">Fail</span></td>
        <td>1:20:26 pm</td>
        <td>
          TC_TM_014_apply_user_settings Got Failed ❌
        </td>
      </tr>
      <tr class="event-row">
        <td><span class="badge log info-bg">Info</span></td>
        <td>1:20:26 pm</td>
        <td>
          org.openqa.selenium.NoSuchElementException: no such element: Unable to locate element: {"method":"xpath","selector":"//ul[@class='menu-nav mt-n1 page-sidebar-menu']//li[@id='lblMenu_usersettings_window']"}
  (Session info: chrome=131.0.6778.205)
For documentation on this error, please visit: https://www.selenium.dev/documentation/webdriver/troubleshooting/errors#no-such-element-exception
Build info: version: '4.26.0', revision: '8ccf0219d7'
System info: os.name: 'Windows 11', os.arch: 'amd64', os.version: '10.0', java.version: '21.0.5'
Driver info: org.openqa.selenium.chrome.ChromeDriver
Command: [04f415f131ab34e4b23590f6fc791e7f, findElement {value=//ul[@class='menu-nav mt-n1 page-sidebar-menu']//li[@id='lblMenu_usersettings_window'], using=xpath}]
Capabilities {acceptInsecureCerts: false, browserName: chrome, browserVersion: 131.0.6778.205, chrome: {chromedriverVersion: 131.0.6778.204 (52183f9e99a..., userDataDir: C:\Users\Prajwal\AppData\Lo...}, fedcm:accounts: true, goog:chromeOptions: {debuggerAddress: localhost:64036}, networkConnectionEnabled: false, pageLoadStrategy: normal, platformName: windows, proxy: Proxy(), se:cdp: ws://localhost:64036/devtoo..., se:cdpVersion: 131.0.6778.205, setWindowRect: true, strictFileInteractability: false, timeouts: {implicit: 0, pageLoad: 300000, script: 30000}, unhandledPromptBehavior: dismiss and notify, webauthn:extension:credBlob: true, webauthn:extension:largeBlob: true, webauthn:extension:minPinLength: true, webauthn:extension:prf: true, webauthn:virtualAuthenticators: true}
Session ID: 04f415f131ab34e4b23590f6fc791e7f

        </td>
      </tr>
  </tbody>
</table>
</div>
          </div>
        </li>
        <li class="test-item"  status="skip" test-id="38"
          author=""
          tag=""
          device="">
          <div class="test-detail">
            <p class="name">TC_TM_015_apply_administration_settings_application_command</p>
            <p class="text-sm">
              <span>1:20:26 pm</span> / <span>00:00:00:000</span>
              <span class="badge skip-bg log float-right">Skip</span>
            </p>
          </div>
          <div class="test-contents d-none">
<div class="detail-head">
<div class="p-v-10">
<div class="info">
<h5 class="test-status text-skip">TC_TM_015_apply_administration_settings_application_command</h5>
<span class='badge badge-success'>12.31.2024 1:20:26 pm</span>
<span class='badge badge-danger'>12.31.2024 1:20:26 pm</span>
<span class='badge badge-default'>00:00:00:000</span>
&middot; <span class='uri-anchor badge badge-default'>#test-id=38</span>
<span title='Skip to the next failed step' class='badge badge-danger pointer float-right ne ml-1'><i class="fa fa-fast-forward"></i></span>
<span title='Collapse all nodes' class='badge badge-default pointer float-right ct ml-1'><i class="fa fa-compress"></i></span>
<span title='Expand all nodes' class='badge badge-default pointer float-right et'><i class="fa fa-expand"></i></span>
</div>
</div>
</div><div class="detail-body mt-4">
<table class="table table-sm">
  <thead><tr><th class="status-col">Status</th><th class="timestamp-col">Timestamp</th><th class="details-col">Details</th></tr></thead>
  <tbody>
      <tr class="event-row">
        <td><span class="badge log info-bg">Info</span></td>
        <td>1:20:26 pm</td>
        <td>
          TC_TM_015_apply_administration_settings_application_command Started Executing
        </td>
      </tr>
      <tr class="event-row">
        <td><span class="badge log skip-bg">Skip</span></td>
        <td>1:20:26 pm</td>
        <td>
          TC_TM_015_apply_administration_settings_application_command Got Skipped 🟡
        </td>
      </tr>
      <tr class="event-row">
        <td><span class="badge log info-bg">Info</span></td>
        <td>1:20:26 pm</td>
        <td>
          java.lang.Throwable: Method com.uem_automation.qa.testcases.TaskManagerTest.TC_TM_015_apply_administration_settings_application_command() on instance com.uem_automation.qa.testcases.TaskManagerTest@12c7a01b depends on not successfully finished methods 
[com.uem_automation.qa.testcases.TaskManagerTest.TC_TM_001_Create_template() on instance com.uem_automation.qa.testcases.TaskManagerTest@12c7a01b]

        </td>
      </tr>
  </tbody>
</table>
</div>
          </div>
        </li>
        <li class="test-item"  status="skip" test-id="39"
          author=""
          tag=""
          device="">
          <div class="test-detail">
            <p class="name">TC_TM_016_apply_administration_settings_environment_variable</p>
            <p class="text-sm">
              <span>1:20:26 pm</span> / <span>00:00:00:000</span>
              <span class="badge skip-bg log float-right">Skip</span>
            </p>
          </div>
          <div class="test-contents d-none">
<div class="detail-head">
<div class="p-v-10">
<div class="info">
<h5 class="test-status text-skip">TC_TM_016_apply_administration_settings_environment_variable</h5>
<span class='badge badge-success'>12.31.2024 1:20:26 pm</span>
<span class='badge badge-danger'>12.31.2024 1:20:26 pm</span>
<span class='badge badge-default'>00:00:00:000</span>
&middot; <span class='uri-anchor badge badge-default'>#test-id=39</span>
<span title='Skip to the next failed step' class='badge badge-danger pointer float-right ne ml-1'><i class="fa fa-fast-forward"></i></span>
<span title='Collapse all nodes' class='badge badge-default pointer float-right ct ml-1'><i class="fa fa-compress"></i></span>
<span title='Expand all nodes' class='badge badge-default pointer float-right et'><i class="fa fa-expand"></i></span>
</div>
</div>
</div><div class="detail-body mt-4">
<table class="table table-sm">
  <thead><tr><th class="status-col">Status</th><th class="timestamp-col">Timestamp</th><th class="details-col">Details</th></tr></thead>
  <tbody>
      <tr class="event-row">
        <td><span class="badge log info-bg">Info</span></td>
        <td>1:20:26 pm</td>
        <td>
          TC_TM_016_apply_administration_settings_environment_variable Started Executing
        </td>
      </tr>
      <tr class="event-row">
        <td><span class="badge log skip-bg">Skip</span></td>
        <td>1:20:26 pm</td>
        <td>
          TC_TM_016_apply_administration_settings_environment_variable Got Skipped 🟡
        </td>
      </tr>
      <tr class="event-row">
        <td><span class="badge log info-bg">Info</span></td>
        <td>1:20:26 pm</td>
        <td>
          java.lang.Throwable: Method com.uem_automation.qa.testcases.TaskManagerTest.TC_TM_016_apply_administration_settings_environment_variable() on instance com.uem_automation.qa.testcases.TaskManagerTest@12c7a01b depends on not successfully finished methods 
[com.uem_automation.qa.testcases.TaskManagerTest.TC_TM_001_Create_template() on instance com.uem_automation.qa.testcases.TaskManagerTest@12c7a01b]

        </td>
      </tr>
  </tbody>
</table>
</div>
          </div>
        </li>
        <li class="test-item"  status="skip" test-id="40"
          author=""
          tag=""
          device="">
          <div class="test-detail">
            <p class="name">TC_TM_017_apply_administration_settings_performance_management_history_cleaner</p>
            <p class="text-sm">
              <span>1:20:26 pm</span> / <span>00:00:00:000</span>
              <span class="badge skip-bg log float-right">Skip</span>
            </p>
          </div>
          <div class="test-contents d-none">
<div class="detail-head">
<div class="p-v-10">
<div class="info">
<h5 class="test-status text-skip">TC_TM_017_apply_administration_settings_performance_management_history_cleaner</h5>
<span class='badge badge-success'>12.31.2024 1:20:26 pm</span>
<span class='badge badge-danger'>12.31.2024 1:20:26 pm</span>
<span class='badge badge-default'>00:00:00:000</span>
&middot; <span class='uri-anchor badge badge-default'>#test-id=40</span>
<span title='Skip to the next failed step' class='badge badge-danger pointer float-right ne ml-1'><i class="fa fa-fast-forward"></i></span>
<span title='Collapse all nodes' class='badge badge-default pointer float-right ct ml-1'><i class="fa fa-compress"></i></span>
<span title='Expand all nodes' class='badge badge-default pointer float-right et'><i class="fa fa-expand"></i></span>
</div>
</div>
</div><div class="detail-body mt-4">
<table class="table table-sm">
  <thead><tr><th class="status-col">Status</th><th class="timestamp-col">Timestamp</th><th class="details-col">Details</th></tr></thead>
  <tbody>
      <tr class="event-row">
        <td><span class="badge log info-bg">Info</span></td>
        <td>1:20:26 pm</td>
        <td>
          TC_TM_017_apply_administration_settings_performance_management_history_cleaner Started Executing
        </td>
      </tr>
      <tr class="event-row">
        <td><span class="badge log skip-bg">Skip</span></td>
        <td>1:20:26 pm</td>
        <td>
          TC_TM_017_apply_administration_settings_performance_management_history_cleaner Got Skipped 🟡
        </td>
      </tr>
      <tr class="event-row">
        <td><span class="badge log info-bg">Info</span></td>
        <td>1:20:26 pm</td>
        <td>
          java.lang.Throwable: Method com.uem_automation.qa.testcases.TaskManagerTest.TC_TM_017_apply_administration_settings_performance_management_history_cleaner() on instance com.uem_automation.qa.testcases.TaskManagerTest@12c7a01b depends on not successfully finished methods 
[com.uem_automation.qa.testcases.TaskManagerTest.TC_TM_001_Create_template() on instance com.uem_automation.qa.testcases.TaskManagerTest@12c7a01b]

        </td>
      </tr>
  </tbody>
</table>
</div>
          </div>
        </li>
        <li class="test-item"  status="skip" test-id="41"
          author=""
          tag=""
          device="">
          <div class="test-detail">
            <p class="name">TC_TM_018_apply_administration_settings_performance_management_registry_backup_restore</p>
            <p class="text-sm">
              <span>1:20:26 pm</span> / <span>00:00:00:000</span>
              <span class="badge skip-bg log float-right">Skip</span>
            </p>
          </div>
          <div class="test-contents d-none">
<div class="detail-head">
<div class="p-v-10">
<div class="info">
<h5 class="test-status text-skip">TC_TM_018_apply_administration_settings_performance_management_registry_backup_restore</h5>
<span class='badge badge-success'>12.31.2024 1:20:26 pm</span>
<span class='badge badge-danger'>12.31.2024 1:20:26 pm</span>
<span class='badge badge-default'>00:00:00:000</span>
&middot; <span class='uri-anchor badge badge-default'>#test-id=41</span>
<span title='Skip to the next failed step' class='badge badge-danger pointer float-right ne ml-1'><i class="fa fa-fast-forward"></i></span>
<span title='Collapse all nodes' class='badge badge-default pointer float-right ct ml-1'><i class="fa fa-compress"></i></span>
<span title='Expand all nodes' class='badge badge-default pointer float-right et'><i class="fa fa-expand"></i></span>
</div>
</div>
</div><div class="detail-body mt-4">
<table class="table table-sm">
  <thead><tr><th class="status-col">Status</th><th class="timestamp-col">Timestamp</th><th class="details-col">Details</th></tr></thead>
  <tbody>
      <tr class="event-row">
        <td><span class="badge log info-bg">Info</span></td>
        <td>1:20:26 pm</td>
        <td>
          TC_TM_018_apply_administration_settings_performance_management_registry_backup_restore Started Executing
        </td>
      </tr>
      <tr class="event-row">
        <td><span class="badge log skip-bg">Skip</span></td>
        <td>1:20:26 pm</td>
        <td>
          TC_TM_018_apply_administration_settings_performance_management_registry_backup_restore Got Skipped 🟡
        </td>
      </tr>
      <tr class="event-row">
        <td><span class="badge log info-bg">Info</span></td>
        <td>1:20:26 pm</td>
        <td>
          java.lang.Throwable: Method com.uem_automation.qa.testcases.TaskManagerTest.TC_TM_018_apply_administration_settings_performance_management_registry_backup_restore() on instance com.uem_automation.qa.testcases.TaskManagerTest@12c7a01b depends on not successfully finished methods 
[com.uem_automation.qa.testcases.TaskManagerTest.TC_TM_001_Create_template() on instance com.uem_automation.qa.testcases.TaskManagerTest@12c7a01b]

        </td>
      </tr>
  </tbody>
</table>
</div>
          </div>
        </li>
        <li class="test-item"  status="skip" test-id="42"
          author=""
          tag=""
          device="">
          <div class="test-detail">
            <p class="name">TC_TM_019_apply_administration_settings_performance_management_start_application_list</p>
            <p class="text-sm">
              <span>1:20:26 pm</span> / <span>00:00:00:000</span>
              <span class="badge skip-bg log float-right">Skip</span>
            </p>
          </div>
          <div class="test-contents d-none">
<div class="detail-head">
<div class="p-v-10">
<div class="info">
<h5 class="test-status text-skip">TC_TM_019_apply_administration_settings_performance_management_start_application_list</h5>
<span class='badge badge-success'>12.31.2024 1:20:26 pm</span>
<span class='badge badge-danger'>12.31.2024 1:20:26 pm</span>
<span class='badge badge-default'>00:00:00:000</span>
&middot; <span class='uri-anchor badge badge-default'>#test-id=42</span>
<span title='Skip to the next failed step' class='badge badge-danger pointer float-right ne ml-1'><i class="fa fa-fast-forward"></i></span>
<span title='Collapse all nodes' class='badge badge-default pointer float-right ct ml-1'><i class="fa fa-compress"></i></span>
<span title='Expand all nodes' class='badge badge-default pointer float-right et'><i class="fa fa-expand"></i></span>
</div>
</div>
</div><div class="detail-body mt-4">
<table class="table table-sm">
  <thead><tr><th class="status-col">Status</th><th class="timestamp-col">Timestamp</th><th class="details-col">Details</th></tr></thead>
  <tbody>
      <tr class="event-row">
        <td><span class="badge log info-bg">Info</span></td>
        <td>1:20:26 pm</td>
        <td>
          TC_TM_019_apply_administration_settings_performance_management_start_application_list Started Executing
        </td>
      </tr>
      <tr class="event-row">
        <td><span class="badge log skip-bg">Skip</span></td>
        <td>1:20:26 pm</td>
        <td>
          TC_TM_019_apply_administration_settings_performance_management_start_application_list Got Skipped 🟡
        </td>
      </tr>
      <tr class="event-row">
        <td><span class="badge log info-bg">Info</span></td>
        <td>1:20:26 pm</td>
        <td>
          java.lang.Throwable: Method com.uem_automation.qa.testcases.TaskManagerTest.TC_TM_019_apply_administration_settings_performance_management_start_application_list() on instance com.uem_automation.qa.testcases.TaskManagerTest@12c7a01b depends on not successfully finished methods 
[com.uem_automation.qa.testcases.TaskManagerTest.TC_TM_001_Create_template() on instance com.uem_automation.qa.testcases.TaskManagerTest@12c7a01b]

        </td>
      </tr>
  </tbody>
</table>
</div>
          </div>
        </li>
        <li class="test-item"  status="fail" test-id="43"
          author=""
          tag=""
          device="">
          <div class="test-detail">
            <p class="name">TC_TM_020_apply_administration_settings_performance_management_task_scheduler</p>
            <p class="text-sm">
              <span>1:20:26 pm</span> / <span>00:00:10:304</span>
              <span class="badge fail-bg log float-right">Fail</span>
            </p>
          </div>
          <div class="test-contents d-none">
<div class="detail-head">
<div class="p-v-10">
<div class="info">
<h5 class="test-status text-fail">TC_TM_020_apply_administration_settings_performance_management_task_scheduler</h5>
<span class='badge badge-success'>12.31.2024 1:20:26 pm</span>
<span class='badge badge-danger'>12.31.2024 1:20:36 pm</span>
<span class='badge badge-default'>00:00:10:304</span>
&middot; <span class='uri-anchor badge badge-default'>#test-id=43</span>
<span title='Skip to the next failed step' class='badge badge-danger pointer float-right ne ml-1'><i class="fa fa-fast-forward"></i></span>
<span title='Collapse all nodes' class='badge badge-default pointer float-right ct ml-1'><i class="fa fa-compress"></i></span>
<span title='Expand all nodes' class='badge badge-default pointer float-right et'><i class="fa fa-expand"></i></span>
</div>
</div>
</div>    <div class="row mb-3"><div class="col-md-3">
    

<img data-featherlight='C:\Users\Prajwal\OneDrive - CYBERCORP LIMITED\Projects\intellij-workspace\UEM_AUTOAMATION_V3\Screenshots\TC_TM_020_apply_administration_settings_performance_management_task_scheduler.png' src="C:\Users\Prajwal\OneDrive - CYBERCORP LIMITED\Projects\intellij-workspace\UEM_AUTOAMATION_V3\Screenshots\TC_TM_020_apply_administration_settings_performance_management_task_scheduler.png">
  
    

    </div></div>
<div class="detail-body mt-4">
<table class="table table-sm">
  <thead><tr><th class="status-col">Status</th><th class="timestamp-col">Timestamp</th><th class="details-col">Details</th></tr></thead>
  <tbody>
      <tr class="event-row">
        <td><span class="badge log info-bg">Info</span></td>
        <td>1:20:26 pm</td>
        <td>
          TC_TM_020_apply_administration_settings_performance_management_task_scheduler Started Executing
        </td>
      </tr>
      <tr class="event-row">
        <td><span class="badge log fail-bg">Fail</span></td>
        <td>1:20:36 pm</td>
        <td>
          TC_TM_020_apply_administration_settings_performance_management_task_scheduler Got Failed ❌
        </td>
      </tr>
      <tr class="event-row">
        <td><span class="badge log info-bg">Info</span></td>
        <td>1:20:36 pm</td>
        <td>
          org.openqa.selenium.NoSuchElementException: no such element: Unable to locate element: {"method":"xpath","selector":"//ul[@class='menu-nav mt-n1 page-sidebar-menu']//li[@id='lblMenu_administration_Window']"}
  (Session info: chrome=131.0.6778.205)
For documentation on this error, please visit: https://www.selenium.dev/documentation/webdriver/troubleshooting/errors#no-such-element-exception
Build info: version: '4.26.0', revision: '8ccf0219d7'
System info: os.name: 'Windows 11', os.arch: 'amd64', os.version: '10.0', java.version: '21.0.5'
Driver info: org.openqa.selenium.chrome.ChromeDriver
Command: [04f415f131ab34e4b23590f6fc791e7f, findElement {value=//ul[@class='menu-nav mt-n1 page-sidebar-menu']//li[@id='lblMenu_administration_Window'], using=xpath}]
Capabilities {acceptInsecureCerts: false, browserName: chrome, browserVersion: 131.0.6778.205, chrome: {chromedriverVersion: 131.0.6778.204 (52183f9e99a..., userDataDir: C:\Users\Prajwal\AppData\Lo...}, fedcm:accounts: true, goog:chromeOptions: {debuggerAddress: localhost:64036}, networkConnectionEnabled: false, pageLoadStrategy: normal, platformName: windows, proxy: Proxy(), se:cdp: ws://localhost:64036/devtoo..., se:cdpVersion: 131.0.6778.205, setWindowRect: true, strictFileInteractability: false, timeouts: {implicit: 0, pageLoad: 300000, script: 30000}, unhandledPromptBehavior: dismiss and notify, webauthn:extension:credBlob: true, webauthn:extension:largeBlob: true, webauthn:extension:minPinLength: true, webauthn:extension:prf: true, webauthn:virtualAuthenticators: true}
Session ID: 04f415f131ab34e4b23590f6fc791e7f

        </td>
      </tr>
  </tbody>
</table>
</div>
          </div>
        </li>
        <li class="test-item"  status="fail" test-id="44"
          author=""
          tag=""
          device="">
          <div class="test-detail">
            <p class="name">TC_TM_021_apply_administration_settings_remote_agent_advanced_settings</p>
            <p class="text-sm">
              <span>1:20:36 pm</span> / <span>00:00:10:290</span>
              <span class="badge fail-bg log float-right">Fail</span>
            </p>
          </div>
          <div class="test-contents d-none">
<div class="detail-head">
<div class="p-v-10">
<div class="info">
<h5 class="test-status text-fail">TC_TM_021_apply_administration_settings_remote_agent_advanced_settings</h5>
<span class='badge badge-success'>12.31.2024 1:20:36 pm</span>
<span class='badge badge-danger'>12.31.2024 1:20:47 pm</span>
<span class='badge badge-default'>00:00:10:290</span>
&middot; <span class='uri-anchor badge badge-default'>#test-id=44</span>
<span title='Skip to the next failed step' class='badge badge-danger pointer float-right ne ml-1'><i class="fa fa-fast-forward"></i></span>
<span title='Collapse all nodes' class='badge badge-default pointer float-right ct ml-1'><i class="fa fa-compress"></i></span>
<span title='Expand all nodes' class='badge badge-default pointer float-right et'><i class="fa fa-expand"></i></span>
</div>
</div>
</div>    <div class="row mb-3"><div class="col-md-3">
    

<img data-featherlight='C:\Users\Prajwal\OneDrive - CYBERCORP LIMITED\Projects\intellij-workspace\UEM_AUTOAMATION_V3\Screenshots\TC_TM_021_apply_administration_settings_remote_agent_advanced_settings.png' src="C:\Users\Prajwal\OneDrive - CYBERCORP LIMITED\Projects\intellij-workspace\UEM_AUTOAMATION_V3\Screenshots\TC_TM_021_apply_administration_settings_remote_agent_advanced_settings.png">
  
    

    </div></div>
<div class="detail-body mt-4">
<table class="table table-sm">
  <thead><tr><th class="status-col">Status</th><th class="timestamp-col">Timestamp</th><th class="details-col">Details</th></tr></thead>
  <tbody>
      <tr class="event-row">
        <td><span class="badge log info-bg">Info</span></td>
        <td>1:20:36 pm</td>
        <td>
          TC_TM_021_apply_administration_settings_remote_agent_advanced_settings Started Executing
        </td>
      </tr>
      <tr class="event-row">
        <td><span class="badge log fail-bg">Fail</span></td>
        <td>1:20:47 pm</td>
        <td>
          TC_TM_021_apply_administration_settings_remote_agent_advanced_settings Got Failed ❌
        </td>
      </tr>
      <tr class="event-row">
        <td><span class="badge log info-bg">Info</span></td>
        <td>1:20:47 pm</td>
        <td>
          org.openqa.selenium.NoSuchElementException: no such element: Unable to locate element: {"method":"xpath","selector":"//ul[@class='menu-nav mt-n1 page-sidebar-menu']//li[@id='lblMenu_administration_Window']"}
  (Session info: chrome=131.0.6778.205)
For documentation on this error, please visit: https://www.selenium.dev/documentation/webdriver/troubleshooting/errors#no-such-element-exception
Build info: version: '4.26.0', revision: '8ccf0219d7'
System info: os.name: 'Windows 11', os.arch: 'amd64', os.version: '10.0', java.version: '21.0.5'
Driver info: org.openqa.selenium.chrome.ChromeDriver
Command: [04f415f131ab34e4b23590f6fc791e7f, findElement {value=//ul[@class='menu-nav mt-n1 page-sidebar-menu']//li[@id='lblMenu_administration_Window'], using=xpath}]
Capabilities {acceptInsecureCerts: false, browserName: chrome, browserVersion: 131.0.6778.205, chrome: {chromedriverVersion: 131.0.6778.204 (52183f9e99a..., userDataDir: C:\Users\Prajwal\AppData\Lo...}, fedcm:accounts: true, goog:chromeOptions: {debuggerAddress: localhost:64036}, networkConnectionEnabled: false, pageLoadStrategy: normal, platformName: windows, proxy: Proxy(), se:cdp: ws://localhost:64036/devtoo..., se:cdpVersion: 131.0.6778.205, setWindowRect: true, strictFileInteractability: false, timeouts: {implicit: 0, pageLoad: 300000, script: 30000}, unhandledPromptBehavior: dismiss and notify, webauthn:extension:credBlob: true, webauthn:extension:largeBlob: true, webauthn:extension:minPinLength: true, webauthn:extension:prf: true, webauthn:virtualAuthenticators: true}
Session ID: 04f415f131ab34e4b23590f6fc791e7f

        </td>
      </tr>
  </tbody>
</table>
</div>
          </div>
        </li>
        <li class="test-item"  status="fail" test-id="45"
          author=""
          tag=""
          device="">
          <div class="test-detail">
            <p class="name">TC_TM_021_apply_administration_settings_remote_agent_advanced_settings</p>
            <p class="text-sm">
              <span>1:20:47 pm</span> / <span>00:00:10:296</span>
              <span class="badge fail-bg log float-right">Fail</span>
            </p>
          </div>
          <div class="test-contents d-none">
<div class="detail-head">
<div class="p-v-10">
<div class="info">
<h5 class="test-status text-fail">TC_TM_021_apply_administration_settings_remote_agent_advanced_settings</h5>
<span class='badge badge-success'>12.31.2024 1:20:47 pm</span>
<span class='badge badge-danger'>12.31.2024 1:20:57 pm</span>
<span class='badge badge-default'>00:00:10:296</span>
&middot; <span class='uri-anchor badge badge-default'>#test-id=45</span>
<span title='Skip to the next failed step' class='badge badge-danger pointer float-right ne ml-1'><i class="fa fa-fast-forward"></i></span>
<span title='Collapse all nodes' class='badge badge-default pointer float-right ct ml-1'><i class="fa fa-compress"></i></span>
<span title='Expand all nodes' class='badge badge-default pointer float-right et'><i class="fa fa-expand"></i></span>
</div>
</div>
</div>    <div class="row mb-3"><div class="col-md-3">
    

<img data-featherlight='C:\Users\Prajwal\OneDrive - CYBERCORP LIMITED\Projects\intellij-workspace\UEM_AUTOAMATION_V3\Screenshots\TC_TM_021_apply_administration_settings_remote_agent_advanced_settings.png' src="C:\Users\Prajwal\OneDrive - CYBERCORP LIMITED\Projects\intellij-workspace\UEM_AUTOAMATION_V3\Screenshots\TC_TM_021_apply_administration_settings_remote_agent_advanced_settings.png">
  
    

    </div></div>
<div class="detail-body mt-4">
<table class="table table-sm">
  <thead><tr><th class="status-col">Status</th><th class="timestamp-col">Timestamp</th><th class="details-col">Details</th></tr></thead>
  <tbody>
      <tr class="event-row">
        <td><span class="badge log info-bg">Info</span></td>
        <td>1:20:47 pm</td>
        <td>
          TC_TM_021_apply_administration_settings_remote_agent_advanced_settings Started Executing
        </td>
      </tr>
      <tr class="event-row">
        <td><span class="badge log fail-bg">Fail</span></td>
        <td>1:20:57 pm</td>
        <td>
          TC_TM_021_apply_administration_settings_remote_agent_advanced_settings Got Failed ❌
        </td>
      </tr>
      <tr class="event-row">
        <td><span class="badge log info-bg">Info</span></td>
        <td>1:20:57 pm</td>
        <td>
          org.openqa.selenium.NoSuchElementException: no such element: Unable to locate element: {"method":"xpath","selector":"//ul[@class='menu-nav mt-n1 page-sidebar-menu']//li[@id='lblMenu_administration_Window']"}
  (Session info: chrome=131.0.6778.205)
For documentation on this error, please visit: https://www.selenium.dev/documentation/webdriver/troubleshooting/errors#no-such-element-exception
Build info: version: '4.26.0', revision: '8ccf0219d7'
System info: os.name: 'Windows 11', os.arch: 'amd64', os.version: '10.0', java.version: '21.0.5'
Driver info: org.openqa.selenium.chrome.ChromeDriver
Command: [04f415f131ab34e4b23590f6fc791e7f, findElement {value=//ul[@class='menu-nav mt-n1 page-sidebar-menu']//li[@id='lblMenu_administration_Window'], using=xpath}]
Capabilities {acceptInsecureCerts: false, browserName: chrome, browserVersion: 131.0.6778.205, chrome: {chromedriverVersion: 131.0.6778.204 (52183f9e99a..., userDataDir: C:\Users\Prajwal\AppData\Lo...}, fedcm:accounts: true, goog:chromeOptions: {debuggerAddress: localhost:64036}, networkConnectionEnabled: false, pageLoadStrategy: normal, platformName: windows, proxy: Proxy(), se:cdp: ws://localhost:64036/devtoo..., se:cdpVersion: 131.0.6778.205, setWindowRect: true, strictFileInteractability: false, timeouts: {implicit: 0, pageLoad: 300000, script: 30000}, unhandledPromptBehavior: dismiss and notify, webauthn:extension:credBlob: true, webauthn:extension:largeBlob: true, webauthn:extension:minPinLength: true, webauthn:extension:prf: true, webauthn:virtualAuthenticators: true}
Session ID: 04f415f131ab34e4b23590f6fc791e7f

        </td>
      </tr>
  </tbody>
</table>
</div>
          </div>
        </li>
        <li class="test-item"  status="fail" test-id="46"
          author=""
          tag=""
          device="">
          <div class="test-detail">
            <p class="name">TC_TM_022_apply_administration_settings_remote_agent_change_vnc_password</p>
            <p class="text-sm">
              <span>1:20:57 pm</span> / <span>00:00:10:269</span>
              <span class="badge fail-bg log float-right">Fail</span>
            </p>
          </div>
          <div class="test-contents d-none">
<div class="detail-head">
<div class="p-v-10">
<div class="info">
<h5 class="test-status text-fail">TC_TM_022_apply_administration_settings_remote_agent_change_vnc_password</h5>
<span class='badge badge-success'>12.31.2024 1:20:57 pm</span>
<span class='badge badge-danger'>12.31.2024 1:21:07 pm</span>
<span class='badge badge-default'>00:00:10:269</span>
&middot; <span class='uri-anchor badge badge-default'>#test-id=46</span>
<span title='Skip to the next failed step' class='badge badge-danger pointer float-right ne ml-1'><i class="fa fa-fast-forward"></i></span>
<span title='Collapse all nodes' class='badge badge-default pointer float-right ct ml-1'><i class="fa fa-compress"></i></span>
<span title='Expand all nodes' class='badge badge-default pointer float-right et'><i class="fa fa-expand"></i></span>
</div>
</div>
</div>    <div class="row mb-3"><div class="col-md-3">
    

<img data-featherlight='C:\Users\Prajwal\OneDrive - CYBERCORP LIMITED\Projects\intellij-workspace\UEM_AUTOAMATION_V3\Screenshots\TC_TM_022_apply_administration_settings_remote_agent_change_vnc_password.png' src="C:\Users\Prajwal\OneDrive - CYBERCORP LIMITED\Projects\intellij-workspace\UEM_AUTOAMATION_V3\Screenshots\TC_TM_022_apply_administration_settings_remote_agent_change_vnc_password.png">
  
    

    </div></div>
<div class="detail-body mt-4">
<table class="table table-sm">
  <thead><tr><th class="status-col">Status</th><th class="timestamp-col">Timestamp</th><th class="details-col">Details</th></tr></thead>
  <tbody>
      <tr class="event-row">
        <td><span class="badge log info-bg">Info</span></td>
        <td>1:20:57 pm</td>
        <td>
          TC_TM_022_apply_administration_settings_remote_agent_change_vnc_password Started Executing
        </td>
      </tr>
      <tr class="event-row">
        <td><span class="badge log fail-bg">Fail</span></td>
        <td>1:21:07 pm</td>
        <td>
          TC_TM_022_apply_administration_settings_remote_agent_change_vnc_password Got Failed ❌
        </td>
      </tr>
      <tr class="event-row">
        <td><span class="badge log info-bg">Info</span></td>
        <td>1:21:07 pm</td>
        <td>
          org.openqa.selenium.NoSuchElementException: no such element: Unable to locate element: {"method":"xpath","selector":"//ul[@class='menu-nav mt-n1 page-sidebar-menu']//li[@id='lblMenu_administration_Window']"}
  (Session info: chrome=131.0.6778.205)
For documentation on this error, please visit: https://www.selenium.dev/documentation/webdriver/troubleshooting/errors#no-such-element-exception
Build info: version: '4.26.0', revision: '8ccf0219d7'
System info: os.name: 'Windows 11', os.arch: 'amd64', os.version: '10.0', java.version: '21.0.5'
Driver info: org.openqa.selenium.chrome.ChromeDriver
Command: [04f415f131ab34e4b23590f6fc791e7f, findElement {value=//ul[@class='menu-nav mt-n1 page-sidebar-menu']//li[@id='lblMenu_administration_Window'], using=xpath}]
Capabilities {acceptInsecureCerts: false, browserName: chrome, browserVersion: 131.0.6778.205, chrome: {chromedriverVersion: 131.0.6778.204 (52183f9e99a..., userDataDir: C:\Users\Prajwal\AppData\Lo...}, fedcm:accounts: true, goog:chromeOptions: {debuggerAddress: localhost:64036}, networkConnectionEnabled: false, pageLoadStrategy: normal, platformName: windows, proxy: Proxy(), se:cdp: ws://localhost:64036/devtoo..., se:cdpVersion: 131.0.6778.205, setWindowRect: true, strictFileInteractability: false, timeouts: {implicit: 0, pageLoad: 300000, script: 30000}, unhandledPromptBehavior: dismiss and notify, webauthn:extension:credBlob: true, webauthn:extension:largeBlob: true, webauthn:extension:minPinLength: true, webauthn:extension:prf: true, webauthn:virtualAuthenticators: true}
Session ID: 04f415f131ab34e4b23590f6fc791e7f

        </td>
      </tr>
  </tbody>
</table>
</div>
          </div>
        </li>
        <li class="test-item"  status="fail" test-id="47"
          author=""
          tag=""
          device="">
          <div class="test-detail">
            <p class="name">TC_TM_022_apply_administration_settings_remote_agent_change_vnc_password</p>
            <p class="text-sm">
              <span>1:21:07 pm</span> / <span>00:00:10:265</span>
              <span class="badge fail-bg log float-right">Fail</span>
            </p>
          </div>
          <div class="test-contents d-none">
<div class="detail-head">
<div class="p-v-10">
<div class="info">
<h5 class="test-status text-fail">TC_TM_022_apply_administration_settings_remote_agent_change_vnc_password</h5>
<span class='badge badge-success'>12.31.2024 1:21:07 pm</span>
<span class='badge badge-danger'>12.31.2024 1:21:18 pm</span>
<span class='badge badge-default'>00:00:10:265</span>
&middot; <span class='uri-anchor badge badge-default'>#test-id=47</span>
<span title='Skip to the next failed step' class='badge badge-danger pointer float-right ne ml-1'><i class="fa fa-fast-forward"></i></span>
<span title='Collapse all nodes' class='badge badge-default pointer float-right ct ml-1'><i class="fa fa-compress"></i></span>
<span title='Expand all nodes' class='badge badge-default pointer float-right et'><i class="fa fa-expand"></i></span>
</div>
</div>
</div>    <div class="row mb-3"><div class="col-md-3">
    

<img data-featherlight='C:\Users\Prajwal\OneDrive - CYBERCORP LIMITED\Projects\intellij-workspace\UEM_AUTOAMATION_V3\Screenshots\TC_TM_022_apply_administration_settings_remote_agent_change_vnc_password.png' src="C:\Users\Prajwal\OneDrive - CYBERCORP LIMITED\Projects\intellij-workspace\UEM_AUTOAMATION_V3\Screenshots\TC_TM_022_apply_administration_settings_remote_agent_change_vnc_password.png">
  
    

    </div></div>
<div class="detail-body mt-4">
<table class="table table-sm">
  <thead><tr><th class="status-col">Status</th><th class="timestamp-col">Timestamp</th><th class="details-col">Details</th></tr></thead>
  <tbody>
      <tr class="event-row">
        <td><span class="badge log info-bg">Info</span></td>
        <td>1:21:07 pm</td>
        <td>
          TC_TM_022_apply_administration_settings_remote_agent_change_vnc_password Started Executing
        </td>
      </tr>
      <tr class="event-row">
        <td><span class="badge log fail-bg">Fail</span></td>
        <td>1:21:18 pm</td>
        <td>
          TC_TM_022_apply_administration_settings_remote_agent_change_vnc_password Got Failed ❌
        </td>
      </tr>
      <tr class="event-row">
        <td><span class="badge log info-bg">Info</span></td>
        <td>1:21:18 pm</td>
        <td>
          org.openqa.selenium.NoSuchElementException: no such element: Unable to locate element: {"method":"xpath","selector":"//ul[@class='menu-nav mt-n1 page-sidebar-menu']//li[@id='lblMenu_administration_Window']"}
  (Session info: chrome=131.0.6778.205)
For documentation on this error, please visit: https://www.selenium.dev/documentation/webdriver/troubleshooting/errors#no-such-element-exception
Build info: version: '4.26.0', revision: '8ccf0219d7'
System info: os.name: 'Windows 11', os.arch: 'amd64', os.version: '10.0', java.version: '21.0.5'
Driver info: org.openqa.selenium.chrome.ChromeDriver
Command: [04f415f131ab34e4b23590f6fc791e7f, findElement {value=//ul[@class='menu-nav mt-n1 page-sidebar-menu']//li[@id='lblMenu_administration_Window'], using=xpath}]
Capabilities {acceptInsecureCerts: false, browserName: chrome, browserVersion: 131.0.6778.205, chrome: {chromedriverVersion: 131.0.6778.204 (52183f9e99a..., userDataDir: C:\Users\Prajwal\AppData\Lo...}, fedcm:accounts: true, goog:chromeOptions: {debuggerAddress: localhost:64036}, networkConnectionEnabled: false, pageLoadStrategy: normal, platformName: windows, proxy: Proxy(), se:cdp: ws://localhost:64036/devtoo..., se:cdpVersion: 131.0.6778.205, setWindowRect: true, strictFileInteractability: false, timeouts: {implicit: 0, pageLoad: 300000, script: 30000}, unhandledPromptBehavior: dismiss and notify, webauthn:extension:credBlob: true, webauthn:extension:largeBlob: true, webauthn:extension:minPinLength: true, webauthn:extension:prf: true, webauthn:virtualAuthenticators: true}
Session ID: 04f415f131ab34e4b23590f6fc791e7f

        </td>
      </tr>
  </tbody>
</table>
</div>
          </div>
        </li>
        <li class="test-item"  status="fail" test-id="48"
          author=""
          tag=""
          device="">
          <div class="test-detail">
            <p class="name">TC_TM_023_apply_administration_settings_remote_agent_general_settings</p>
            <p class="text-sm">
              <span>1:21:18 pm</span> / <span>00:00:10:291</span>
              <span class="badge fail-bg log float-right">Fail</span>
            </p>
          </div>
          <div class="test-contents d-none">
<div class="detail-head">
<div class="p-v-10">
<div class="info">
<h5 class="test-status text-fail">TC_TM_023_apply_administration_settings_remote_agent_general_settings</h5>
<span class='badge badge-success'>12.31.2024 1:21:18 pm</span>
<span class='badge badge-danger'>12.31.2024 1:21:28 pm</span>
<span class='badge badge-default'>00:00:10:291</span>
&middot; <span class='uri-anchor badge badge-default'>#test-id=48</span>
<span title='Skip to the next failed step' class='badge badge-danger pointer float-right ne ml-1'><i class="fa fa-fast-forward"></i></span>
<span title='Collapse all nodes' class='badge badge-default pointer float-right ct ml-1'><i class="fa fa-compress"></i></span>
<span title='Expand all nodes' class='badge badge-default pointer float-right et'><i class="fa fa-expand"></i></span>
</div>
</div>
</div>    <div class="row mb-3"><div class="col-md-3">
    

<img data-featherlight='C:\Users\Prajwal\OneDrive - CYBERCORP LIMITED\Projects\intellij-workspace\UEM_AUTOAMATION_V3\Screenshots\TC_TM_023_apply_administration_settings_remote_agent_general_settings.png' src="C:\Users\Prajwal\OneDrive - CYBERCORP LIMITED\Projects\intellij-workspace\UEM_AUTOAMATION_V3\Screenshots\TC_TM_023_apply_administration_settings_remote_agent_general_settings.png">
  
    

    </div></div>
<div class="detail-body mt-4">
<table class="table table-sm">
  <thead><tr><th class="status-col">Status</th><th class="timestamp-col">Timestamp</th><th class="details-col">Details</th></tr></thead>
  <tbody>
      <tr class="event-row">
        <td><span class="badge log info-bg">Info</span></td>
        <td>1:21:18 pm</td>
        <td>
          TC_TM_023_apply_administration_settings_remote_agent_general_settings Started Executing
        </td>
      </tr>
      <tr class="event-row">
        <td><span class="badge log fail-bg">Fail</span></td>
        <td>1:21:28 pm</td>
        <td>
          TC_TM_023_apply_administration_settings_remote_agent_general_settings Got Failed ❌
        </td>
      </tr>
      <tr class="event-row">
        <td><span class="badge log info-bg">Info</span></td>
        <td>1:21:28 pm</td>
        <td>
          org.openqa.selenium.NoSuchElementException: no such element: Unable to locate element: {"method":"xpath","selector":"//ul[@class='menu-nav mt-n1 page-sidebar-menu']//li[@id='lblMenu_administration_Window']"}
  (Session info: chrome=131.0.6778.205)
For documentation on this error, please visit: https://www.selenium.dev/documentation/webdriver/troubleshooting/errors#no-such-element-exception
Build info: version: '4.26.0', revision: '8ccf0219d7'
System info: os.name: 'Windows 11', os.arch: 'amd64', os.version: '10.0', java.version: '21.0.5'
Driver info: org.openqa.selenium.chrome.ChromeDriver
Command: [04f415f131ab34e4b23590f6fc791e7f, findElement {value=//ul[@class='menu-nav mt-n1 page-sidebar-menu']//li[@id='lblMenu_administration_Window'], using=xpath}]
Capabilities {acceptInsecureCerts: false, browserName: chrome, browserVersion: 131.0.6778.205, chrome: {chromedriverVersion: 131.0.6778.204 (52183f9e99a..., userDataDir: C:\Users\Prajwal\AppData\Lo...}, fedcm:accounts: true, goog:chromeOptions: {debuggerAddress: localhost:64036}, networkConnectionEnabled: false, pageLoadStrategy: normal, platformName: windows, proxy: Proxy(), se:cdp: ws://localhost:64036/devtoo..., se:cdpVersion: 131.0.6778.205, setWindowRect: true, strictFileInteractability: false, timeouts: {implicit: 0, pageLoad: 300000, script: 30000}, unhandledPromptBehavior: dismiss and notify, webauthn:extension:credBlob: true, webauthn:extension:largeBlob: true, webauthn:extension:minPinLength: true, webauthn:extension:prf: true, webauthn:virtualAuthenticators: true}
Session ID: 04f415f131ab34e4b23590f6fc791e7f

        </td>
      </tr>
  </tbody>
</table>
</div>
          </div>
        </li>
        <li class="test-item"  status="fail" test-id="49"
          author=""
          tag=""
          device="">
          <div class="test-detail">
            <p class="name">TC_TM_030_software_deployment_software_and_patch_install_uninstall</p>
            <p class="text-sm">
              <span>1:21:28 pm</span> / <span>00:00:10:283</span>
              <span class="badge fail-bg log float-right">Fail</span>
            </p>
          </div>
          <div class="test-contents d-none">
<div class="detail-head">
<div class="p-v-10">
<div class="info">
<h5 class="test-status text-fail">TC_TM_030_software_deployment_software_and_patch_install_uninstall</h5>
<span class='badge badge-success'>12.31.2024 1:21:28 pm</span>
<span class='badge badge-danger'>12.31.2024 1:21:38 pm</span>
<span class='badge badge-default'>00:00:10:283</span>
&middot; <span class='uri-anchor badge badge-default'>#test-id=49</span>
<span title='Skip to the next failed step' class='badge badge-danger pointer float-right ne ml-1'><i class="fa fa-fast-forward"></i></span>
<span title='Collapse all nodes' class='badge badge-default pointer float-right ct ml-1'><i class="fa fa-compress"></i></span>
<span title='Expand all nodes' class='badge badge-default pointer float-right et'><i class="fa fa-expand"></i></span>
</div>
</div>
</div>    <div class="row mb-3"><div class="col-md-3">
    

<img data-featherlight='C:\Users\Prajwal\OneDrive - CYBERCORP LIMITED\Projects\intellij-workspace\UEM_AUTOAMATION_V3\Screenshots\TC_TM_030_software_deployment_software_and_patch_install_uninstall.png' src="C:\Users\Prajwal\OneDrive - CYBERCORP LIMITED\Projects\intellij-workspace\UEM_AUTOAMATION_V3\Screenshots\TC_TM_030_software_deployment_software_and_patch_install_uninstall.png">
  
    

    </div></div>
<div class="detail-body mt-4">
<table class="table table-sm">
  <thead><tr><th class="status-col">Status</th><th class="timestamp-col">Timestamp</th><th class="details-col">Details</th></tr></thead>
  <tbody>
      <tr class="event-row">
        <td><span class="badge log info-bg">Info</span></td>
        <td>1:21:28 pm</td>
        <td>
          TC_TM_030_software_deployment_software_and_patch_install_uninstall Started Executing
        </td>
      </tr>
      <tr class="event-row">
        <td><span class="badge log fail-bg">Fail</span></td>
        <td>1:21:38 pm</td>
        <td>
          TC_TM_030_software_deployment_software_and_patch_install_uninstall Got Failed ❌
        </td>
      </tr>
      <tr class="event-row">
        <td><span class="badge log info-bg">Info</span></td>
        <td>1:21:38 pm</td>
        <td>
          org.openqa.selenium.NoSuchElementException: no such element: Unable to locate element: {"method":"xpath","selector":"//ul[@class='menu-nav mt-n1 page-sidebar-menu']//li[@id='lblMenu_software_deployment_Win']"}
  (Session info: chrome=131.0.6778.205)
For documentation on this error, please visit: https://www.selenium.dev/documentation/webdriver/troubleshooting/errors#no-such-element-exception
Build info: version: '4.26.0', revision: '8ccf0219d7'
System info: os.name: 'Windows 11', os.arch: 'amd64', os.version: '10.0', java.version: '21.0.5'
Driver info: org.openqa.selenium.chrome.ChromeDriver
Command: [04f415f131ab34e4b23590f6fc791e7f, findElement {value=//ul[@class='menu-nav mt-n1 page-sidebar-menu']//li[@id='lblMenu_software_deployment_Win'], using=xpath}]
Capabilities {acceptInsecureCerts: false, browserName: chrome, browserVersion: 131.0.6778.205, chrome: {chromedriverVersion: 131.0.6778.204 (52183f9e99a..., userDataDir: C:\Users\Prajwal\AppData\Lo...}, fedcm:accounts: true, goog:chromeOptions: {debuggerAddress: localhost:64036}, networkConnectionEnabled: false, pageLoadStrategy: normal, platformName: windows, proxy: Proxy(), se:cdp: ws://localhost:64036/devtoo..., se:cdpVersion: 131.0.6778.205, setWindowRect: true, strictFileInteractability: false, timeouts: {implicit: 0, pageLoad: 300000, script: 30000}, unhandledPromptBehavior: dismiss and notify, webauthn:extension:credBlob: true, webauthn:extension:largeBlob: true, webauthn:extension:minPinLength: true, webauthn:extension:prf: true, webauthn:virtualAuthenticators: true}
Session ID: 04f415f131ab34e4b23590f6fc791e7f

        </td>
      </tr>
  </tbody>
</table>
</div>
          </div>
        </li>
        <li class="test-item"  status="fail" test-id="50"
          author=""
          tag=""
          device="">
          <div class="test-detail">
            <p class="name">TC_TM_030_software_deployment_software_and_patch_install_uninstall</p>
            <p class="text-sm">
              <span>1:21:38 pm</span> / <span>00:00:10:309</span>
              <span class="badge fail-bg log float-right">Fail</span>
            </p>
          </div>
          <div class="test-contents d-none">
<div class="detail-head">
<div class="p-v-10">
<div class="info">
<h5 class="test-status text-fail">TC_TM_030_software_deployment_software_and_patch_install_uninstall</h5>
<span class='badge badge-success'>12.31.2024 1:21:38 pm</span>
<span class='badge badge-danger'>12.31.2024 1:21:49 pm</span>
<span class='badge badge-default'>00:00:10:309</span>
&middot; <span class='uri-anchor badge badge-default'>#test-id=50</span>
<span title='Skip to the next failed step' class='badge badge-danger pointer float-right ne ml-1'><i class="fa fa-fast-forward"></i></span>
<span title='Collapse all nodes' class='badge badge-default pointer float-right ct ml-1'><i class="fa fa-compress"></i></span>
<span title='Expand all nodes' class='badge badge-default pointer float-right et'><i class="fa fa-expand"></i></span>
</div>
</div>
</div>    <div class="row mb-3"><div class="col-md-3">
    

<img data-featherlight='C:\Users\Prajwal\OneDrive - CYBERCORP LIMITED\Projects\intellij-workspace\UEM_AUTOAMATION_V3\Screenshots\TC_TM_030_software_deployment_software_and_patch_install_uninstall.png' src="C:\Users\Prajwal\OneDrive - CYBERCORP LIMITED\Projects\intellij-workspace\UEM_AUTOAMATION_V3\Screenshots\TC_TM_030_software_deployment_software_and_patch_install_uninstall.png">
  
    

    </div></div>
<div class="detail-body mt-4">
<table class="table table-sm">
  <thead><tr><th class="status-col">Status</th><th class="timestamp-col">Timestamp</th><th class="details-col">Details</th></tr></thead>
  <tbody>
      <tr class="event-row">
        <td><span class="badge log info-bg">Info</span></td>
        <td>1:21:38 pm</td>
        <td>
          TC_TM_030_software_deployment_software_and_patch_install_uninstall Started Executing
        </td>
      </tr>
      <tr class="event-row">
        <td><span class="badge log fail-bg">Fail</span></td>
        <td>1:21:49 pm</td>
        <td>
          TC_TM_030_software_deployment_software_and_patch_install_uninstall Got Failed ❌
        </td>
      </tr>
      <tr class="event-row">
        <td><span class="badge log info-bg">Info</span></td>
        <td>1:21:49 pm</td>
        <td>
          org.openqa.selenium.NoSuchElementException: no such element: Unable to locate element: {"method":"xpath","selector":"//ul[@class='menu-nav mt-n1 page-sidebar-menu']//li[@id='lblMenu_software_deployment_Win']"}
  (Session info: chrome=131.0.6778.205)
For documentation on this error, please visit: https://www.selenium.dev/documentation/webdriver/troubleshooting/errors#no-such-element-exception
Build info: version: '4.26.0', revision: '8ccf0219d7'
System info: os.name: 'Windows 11', os.arch: 'amd64', os.version: '10.0', java.version: '21.0.5'
Driver info: org.openqa.selenium.chrome.ChromeDriver
Command: [04f415f131ab34e4b23590f6fc791e7f, findElement {value=//ul[@class='menu-nav mt-n1 page-sidebar-menu']//li[@id='lblMenu_software_deployment_Win'], using=xpath}]
Capabilities {acceptInsecureCerts: false, browserName: chrome, browserVersion: 131.0.6778.205, chrome: {chromedriverVersion: 131.0.6778.204 (52183f9e99a..., userDataDir: C:\Users\Prajwal\AppData\Lo...}, fedcm:accounts: true, goog:chromeOptions: {debuggerAddress: localhost:64036}, networkConnectionEnabled: false, pageLoadStrategy: normal, platformName: windows, proxy: Proxy(), se:cdp: ws://localhost:64036/devtoo..., se:cdpVersion: 131.0.6778.205, setWindowRect: true, strictFileInteractability: false, timeouts: {implicit: 0, pageLoad: 300000, script: 30000}, unhandledPromptBehavior: dismiss and notify, webauthn:extension:credBlob: true, webauthn:extension:largeBlob: true, webauthn:extension:minPinLength: true, webauthn:extension:prf: true, webauthn:virtualAuthenticators: true}
Session ID: 04f415f131ab34e4b23590f6fc791e7f

        </td>
      </tr>
  </tbody>
</table>
</div>
          </div>
        </li>
        <li class="test-item"  status="fail" test-id="51"
          author=""
          tag=""
          device="">
          <div class="test-detail">
            <p class="name">TC_TM_030_software_deployment_software_and_patch_install_uninstall</p>
            <p class="text-sm">
              <span>1:21:49 pm</span> / <span>00:00:10:283</span>
              <span class="badge fail-bg log float-right">Fail</span>
            </p>
          </div>
          <div class="test-contents d-none">
<div class="detail-head">
<div class="p-v-10">
<div class="info">
<h5 class="test-status text-fail">TC_TM_030_software_deployment_software_and_patch_install_uninstall</h5>
<span class='badge badge-success'>12.31.2024 1:21:49 pm</span>
<span class='badge badge-danger'>12.31.2024 1:21:59 pm</span>
<span class='badge badge-default'>00:00:10:283</span>
&middot; <span class='uri-anchor badge badge-default'>#test-id=51</span>
<span title='Skip to the next failed step' class='badge badge-danger pointer float-right ne ml-1'><i class="fa fa-fast-forward"></i></span>
<span title='Collapse all nodes' class='badge badge-default pointer float-right ct ml-1'><i class="fa fa-compress"></i></span>
<span title='Expand all nodes' class='badge badge-default pointer float-right et'><i class="fa fa-expand"></i></span>
</div>
</div>
</div>    <div class="row mb-3"><div class="col-md-3">
    

<img data-featherlight='C:\Users\Prajwal\OneDrive - CYBERCORP LIMITED\Projects\intellij-workspace\UEM_AUTOAMATION_V3\Screenshots\TC_TM_030_software_deployment_software_and_patch_install_uninstall.png' src="C:\Users\Prajwal\OneDrive - CYBERCORP LIMITED\Projects\intellij-workspace\UEM_AUTOAMATION_V3\Screenshots\TC_TM_030_software_deployment_software_and_patch_install_uninstall.png">
  
    

    </div></div>
<div class="detail-body mt-4">
<table class="table table-sm">
  <thead><tr><th class="status-col">Status</th><th class="timestamp-col">Timestamp</th><th class="details-col">Details</th></tr></thead>
  <tbody>
      <tr class="event-row">
        <td><span class="badge log info-bg">Info</span></td>
        <td>1:21:49 pm</td>
        <td>
          TC_TM_030_software_deployment_software_and_patch_install_uninstall Started Executing
        </td>
      </tr>
      <tr class="event-row">
        <td><span class="badge log fail-bg">Fail</span></td>
        <td>1:21:59 pm</td>
        <td>
          TC_TM_030_software_deployment_software_and_patch_install_uninstall Got Failed ❌
        </td>
      </tr>
      <tr class="event-row">
        <td><span class="badge log info-bg">Info</span></td>
        <td>1:21:59 pm</td>
        <td>
          org.openqa.selenium.NoSuchElementException: no such element: Unable to locate element: {"method":"xpath","selector":"//ul[@class='menu-nav mt-n1 page-sidebar-menu']//li[@id='lblMenu_software_deployment_Win']"}
  (Session info: chrome=131.0.6778.205)
For documentation on this error, please visit: https://www.selenium.dev/documentation/webdriver/troubleshooting/errors#no-such-element-exception
Build info: version: '4.26.0', revision: '8ccf0219d7'
System info: os.name: 'Windows 11', os.arch: 'amd64', os.version: '10.0', java.version: '21.0.5'
Driver info: org.openqa.selenium.chrome.ChromeDriver
Command: [04f415f131ab34e4b23590f6fc791e7f, findElement {value=//ul[@class='menu-nav mt-n1 page-sidebar-menu']//li[@id='lblMenu_software_deployment_Win'], using=xpath}]
Capabilities {acceptInsecureCerts: false, browserName: chrome, browserVersion: 131.0.6778.205, chrome: {chromedriverVersion: 131.0.6778.204 (52183f9e99a..., userDataDir: C:\Users\Prajwal\AppData\Lo...}, fedcm:accounts: true, goog:chromeOptions: {debuggerAddress: localhost:64036}, networkConnectionEnabled: false, pageLoadStrategy: normal, platformName: windows, proxy: Proxy(), se:cdp: ws://localhost:64036/devtoo..., se:cdpVersion: 131.0.6778.205, setWindowRect: true, strictFileInteractability: false, timeouts: {implicit: 0, pageLoad: 300000, script: 30000}, unhandledPromptBehavior: dismiss and notify, webauthn:extension:credBlob: true, webauthn:extension:largeBlob: true, webauthn:extension:minPinLength: true, webauthn:extension:prf: true, webauthn:virtualAuthenticators: true}
Session ID: 04f415f131ab34e4b23590f6fc791e7f

        </td>
      </tr>
  </tbody>
</table>
</div>
          </div>
        </li>
      </ul>
    </div>
  </div>
<div class="test-content scrollable">
<div class="test-content-tools">
<ul><li><a class="back-to-test" href="#"><i class="fa fa-arrow-left"></i></a></li></ul>
</div>
<div class="test-content-detail"><div class="detail-body"></div></div>
</div></div>
<div class="container-fluid p-4 view dashboard-view">
<div class="row">
<div class="col-md-3">
<div class="card"><div class="card-body">
<p class="m-b-0">Started</p>
<h3>31/12/2024 01:15:28</h3>
</div></div>
</div>
<div class="col-md-3">
<div class="card"><div class="card-body">
<p class="m-b-0">Ended</p>
<h3>31/12/2024 01:21:59</h3>
</div></div>
</div>
<div class="col-md-3">
<div class="card"><div class="card-body">
<p class="m-b-0 text-pass">Tests Passed</p>
<h3>13</h3>
</div></div>
</div>
<div class="col-md-3">
<div class="card"><div class="card-body">
<p class="m-b-0 text-fail">Tests Failed</p>
<h3>23</h3>
</div></div>
</div>
</div>
<div class="row">
<div class="col-md-6">
<div class="card">
<div class="card-header">
<h6 class="card-title">Tests</h6>
</div>
<div class="card-body">
<div class="">
<canvas id='parent-analysis' width='115' height='90'></canvas>
</div>
</div>
<div class="card-footer">
<div><small data-tooltip='25%'>
<b>13</b> tests passed
</small>
</div>
<div>
<small data-tooltip='45%'><b>23</b> tests failed,
<b>15</b> skipped, <b data-tooltip='0%'>0</b> others
</small>
</div>
</div>
</div>
</div>
<div class="col-md-6">
<div class="card">
<div class="card-header">
<h6 class="card-title">Log events</h6>
</div>
<div class="card-body">
<div class="">
<canvas id='events-analysis' width='115' height='90'></canvas>
</div>
</div>
<div class="card-footer">
<div><small data-tooltip='9%'><b>13</b> events passed</small></div>
<div>
<small data-tooltip='16%'><b>23</b> events failed,
<b data-tooltip='%'>104</b> others
</small>
</div>
</div>
</div>
</div>
</div>
<div class="row"><div class="col-md-12">
<div class="card"><div class="card-header"><p>Timeline</p></div>
<div class="card-body pt-0"><div>
<canvas id="timeline" height="120"></canvas>
</div></div>
</div>
</div></div>
<script>
var timeline = {
"TC_LP_001_Validate_login_with_valid_credentials":8.548,"TC_LP_002_Validate_login_with_invalid_credentials":0.66,"TC_LP_003_Validate_login_with_invalid_email_and_valid_password":0.666,"TC_LP_004_Validate_login_with_valid_email_and_invalid_password":0.485,"TC_LP_005_Validate_login_without_providing_any_credentials":0.411,"TC_LP_006_Validate_forgot_password_link_functionality":0.632,"TC_LP_007_Validate_logging_into_the_application_using_keyboard_keys":6.636,"TC_LP_008_Validate_email_and_pass_text_fields_in_login_page_have_placeholder_text":0.053,"TC_LP_009_Validate_logging_into_the_application_and_browsing_back_using_browser_back_button":17.611,"TC_LP_010_Validate_logging_out_the_application_and_browsing_back_using_browser_back_button":19.133,"TC_DMW_001_Validate_users_able_to_view_the_settings_applied_on_the_group":10.534,"TC_DMW_002_Validate_users_able_to_apply_execute_later_or_saved_task_on_the_group":16.628,"TC_DMW_003_Validate_users_are_able_to_view_the_information_on_the_windows_os_profile_settings_defined_on_the_group":10.036,"TC_DMW_004_Validate_users_are_able_to_view_the_information_on_the_linux_os_profile_settings_defined_on_the_group":10.018,"TC_DMW_005_Validate_users_are_able_to_view_System_information_about_device_registered":19.815,"TC_DMW_006_Validate_users_are_able_to_view_System_profile_about_device_registerd":19.692,"TC_TM_001_Create_template":10.917,"TC_TM_002_apply_system_settings_networkSettings_802xSecurity":10.343,"TC_TM_002_apply_system_settings_networkSettings_802xSecurity":10.34,"TC_TM_002_apply_system_settings_networkSettings_802xSecurity":10.316,"TC_TM_002_apply_system_settings_networkSettings_802xSecurity":10.462,"TC_TM_003_apply_system_settings_networkSettings_computer_name":0,"TC_TM_004_apply_system_settings_networkSettings_ethernet_setup":0,"TC_TM_005_apply_system_settings_networkSettings_wireless_properties":0,"TC_TM_006_apply_system_settings_networkSettings_wireless_setup":0,"TC_TM_007_apply_system_settings_peripheralSettings_display_settings":0,"TC_TM_008_apply_system_settings_peripheralSettings_keyboard_settings":0,"TC_TM_009_apply_system_settings_peripheralSettings_mouse_settings":0,"TC_TM_010_apply_system_settings_powerManagement_power_option":0,"TC_TM_011_apply_system_settings_printerSettings_add_printer":10.287,"TC_TM_011_apply_system_settings_printerSettings_add_printer":10.357,"TC_TM_011_apply_system_settings_printerSettings_add_printer":10.337,"TC_TM_011_apply_system_settings_printerSettings_add_printer":10.348,"TC_TM_011_apply_system_settings_printerSettings_add_printer":10.296,"TC_TM_012_apply_system_settings_timeAndLanguage_dateAndTime":0,"TC_TM_013_apply_system_settings_timeAndLanguage_region_and_location":0,"TC_TM_014_apply_user_settings":10.362,"TC_TM_015_apply_administration_settings_application_command":0,"TC_TM_016_apply_administration_settings_environment_variable":0,"TC_TM_017_apply_administration_settings_performance_management_history_cleaner":0,"TC_TM_018_apply_administration_settings_performance_management_registry_backup_restore":0,"TC_TM_019_apply_administration_settings_performance_management_start_application_list":0,"TC_TM_020_apply_administration_settings_performance_management_task_scheduler":10.304,"TC_TM_021_apply_administration_settings_remote_agent_advanced_settings":10.29,"TC_TM_021_apply_administration_settings_remote_agent_advanced_settings":10.296,"TC_TM_022_apply_administration_settings_remote_agent_change_vnc_password":10.269,"TC_TM_022_apply_administration_settings_remote_agent_change_vnc_password":10.265,"TC_TM_023_apply_administration_settings_remote_agent_general_settings":10.291,"TC_TM_030_software_deployment_software_and_patch_install_uninstall":10.283,"TC_TM_030_software_deployment_software_and_patch_install_uninstall":10.309,"TC_TM_030_software_deployment_software_and_patch_install_uninstall":10.283
};
</script>
<div class="row">
<div class="col-lg-6 col-md-12 sysenv-container">
<div class="card">
<div class="card-header"><p>System/Environment</p></div>
<div class="card-body pb-0 pt-0"><table class="table table-sm table-bordered">
<thead><tr class="bg-gray"><th>Name</th><th>Value</th></tr></thead>
<tbody>
<tr>
<td>Application URL</td>
<td>https://winserver.vdi.com/Login.aspx</td>
</tr>
<tr>
<td>Browser Name</td>
<td>Chrome</td>
</tr>
<tr>
<td>Email</td>
<td>pankaj.wairagade@vdi.com</td>
</tr>
<tr>
<td>Password</td>
<td>pass_123</td>
</tr>
<tr>
<td>Operating System</td>
<td>Windows 11</td>
</tr>
<tr>
<td>Username</td>
<td>Prajwal</td>
</tr>
<tr>
<td>Java Version</td>
<td>21.0.5</td>
</tr>
</tbody>
</table></div>
</div>
</div>
</div>
</div>
<script>
var statusGroup = {
parentCount: 5,
passParent: 13,
failParent: 23,
warningParent: 0,
skipParent: 15,
childCount: 5,
passChild: 0,
failChild: 0,
warningChild: 0,
skipChild: 0,
infoChild: 0,
grandChildCount: 5,
passGrandChild: 0,
failGrandChild: 0,
warningGrandChild: 0,
skipGrandChild: 0,
infoGrandChild: 0,
eventsCount: 5,
passEvents: 13,
failEvents: 23,
warningEvents: 0,
skipEvents: 15,
infoEvents: 89
};
</script>        </div>
      </div>
    </div>
  </div>
<script src="https://cdn.jsdelivr.net/gh/extent-framework/extent-github-cdn@c05cd28cde1617b9d0c05a831daff6cb97fd9fd5/spark/js/spark-script.js"></script>
<script type="text/javascript"></script></body>
</html>